0 verbose cli C:\Program Files\nodejs\node.exe C:\Program Files\nodejs\node_modules\npm\bin\npm-cli.js
1 info using npm@11.12.1
2 info using node@v25.9.0
3 silly config load:file:C:\Program Files\nodejs\node_modules\npm\npmrc
4 silly config load:file:C:\Users\Dharu\Downloads\mathematics-club-web-application\.npmrc
5 silly config load:file:C:\Users\Dharu\.npmrc
6 silly config load:file:C:\Users\Dharu\AppData\Roaming\npm\etc\npmrc
7 verbose title npm ci
8 verbose argv "ci" "--ignore-scripts" "--cache" ".npm-cache"
9 verbose logfile logs-max:10 dir:C:\Users\Dharu\Downloads\mathematics-club-web-application\.npm-cache\_logs\2026-06-14T04_56_53_057Z-
10 verbose logfile C:\Users\Dharu\Downloads\mathematics-club-web-application\.npm-cache\_logs\2026-06-14T04_56_53_057Z-debug-0.log
11 silly logfile done cleaning log files
12 silly packumentCache heap:2348810240 maxSize:587202560 maxEntrySize:293601280
13 silly packumentCache heap:2348810240 maxSize:587202560 maxEntrySize:293601280
14 silly idealTree buildDeps
15 silly reify moves {}
16 silly audit bulk request {
16 silly audit   '@babel/code-frame': [ '7.29.7' ],
16 silly audit   '@babel/compat-data': [ '7.29.7' ],
16 silly audit   '@babel/core': [ '7.29.7' ],
16 silly audit   '@babel/generator': [ '7.29.7' ],
16 silly audit   '@babel/helper-compilation-targets': [ '7.29.7' ],
16 silly audit   '@babel/helper-globals': [ '7.29.7' ],
16 silly audit   '@babel/helper-module-imports': [ '7.29.7' ],
16 silly audit   '@babel/helper-module-transforms': [ '7.29.7' ],
16 silly audit   '@babel/helper-plugin-utils': [ '7.29.7' ],
16 silly audit   '@babel/helper-string-parser': [ '7.29.7' ],
16 silly audit   '@babel/helper-validator-identifier': [ '7.29.7' ],
16 silly audit   '@babel/helper-validator-option': [ '7.29.7' ],
16 silly audit   '@babel/helpers': [ '7.29.7' ],
16 silly audit   '@babel/parser': [ '7.29.7' ],
16 silly audit   '@babel/plugin-transform-react-jsx-self': [ '7.29.7' ],
16 silly audit   '@babel/plugin-transform-react-jsx-source': [ '7.29.7' ],
16 silly audit   '@babel/template': [ '7.29.7' ],
16 silly audit   '@babel/traverse': [ '7.29.7' ],
16 silly audit   '@babel/types': [ '7.29.7' ],
16 silly audit   '@esbuild/aix-ppc64': [ '0.27.7' ],
16 silly audit   '@esbuild/android-arm': [ '0.27.7' ],
16 silly audit   '@esbuild/android-arm64': [ '0.27.7' ],
16 silly audit   '@esbuild/android-x64': [ '0.27.7' ],
16 silly audit   '@esbuild/darwin-arm64': [ '0.27.7' ],
16 silly audit   '@esbuild/darwin-x64': [ '0.27.7' ],
16 silly audit   '@esbuild/freebsd-arm64': [ '0.27.7' ],
16 silly audit   '@esbuild/freebsd-x64': [ '0.27.7' ],
16 silly audit   '@esbuild/linux-arm': [ '0.27.7' ],
16 silly audit   '@esbuild/linux-arm64': [ '0.27.7' ],
16 silly audit   '@esbuild/linux-ia32': [ '0.27.7' ],
16 silly audit   '@esbuild/linux-loong64': [ '0.27.7' ],
16 silly audit   '@esbuild/linux-mips64el': [ '0.27.7' ],
16 silly audit   '@esbuild/linux-ppc64': [ '0.27.7' ],
16 silly audit   '@esbuild/linux-riscv64': [ '0.27.7' ],
16 silly audit   '@esbuild/linux-s390x': [ '0.27.7' ],
16 silly audit   '@esbuild/linux-x64': [ '0.27.7' ],
16 silly audit   '@esbuild/netbsd-arm64': [ '0.27.7' ],
16 silly audit   '@esbuild/netbsd-x64': [ '0.27.7' ],
16 silly audit   '@esbuild/openbsd-arm64': [ '0.27.7' ],
16 silly audit   '@esbuild/openbsd-x64': [ '0.27.7' ],
16 silly audit   '@esbuild/openharmony-arm64': [ '0.27.7' ],
16 silly audit   '@esbuild/sunos-x64': [ '0.27.7' ],
16 silly audit   '@esbuild/win32-arm64': [ '0.27.7' ],
16 silly audit   '@esbuild/win32-ia32': [ '0.27.7' ],
16 silly audit   '@esbuild/win32-x64': [ '0.27.7' ],
16 silly audit   '@jridgewell/gen-mapping': [ '0.3.13' ],
16 silly audit   '@jridgewell/remapping': [ '2.3.5' ],
16 silly audit   '@jridgewell/resolve-uri': [ '3.1.2' ],
16 silly audit   '@jridgewell/sourcemap-codec': [ '1.5.5' ],
16 silly audit   '@jridgewell/trace-mapping': [ '0.3.31' ],
16 silly audit   '@rolldown/pluginutils': [ '1.0.0-beta.47' ],
16 silly audit   '@rollup/rollup-android-arm-eabi': [ '4.62.0' ],
16 silly audit   '@rollup/rollup-android-arm64': [ '4.62.0' ],
16 silly audit   '@rollup/rollup-darwin-arm64': [ '4.62.0' ],
16 silly audit   '@rollup/rollup-darwin-x64': [ '4.62.0' ],
16 silly audit   '@rollup/rollup-freebsd-arm64': [ '4.62.0' ],
16 silly audit   '@rollup/rollup-freebsd-x64': [ '4.62.0' ],
16 silly audit   '@rollup/rollup-linux-arm-gnueabihf': [ '4.62.0' ],
16 silly audit   '@rollup/rollup-linux-arm-musleabihf': [ '4.62.0' ],
16 silly audit   '@rollup/rollup-linux-arm64-gnu': [ '4.62.0' ],
16 silly audit   '@rollup/rollup-linux-arm64-musl': [ '4.62.0' ],
16 silly audit   '@rollup/rollup-linux-loong64-gnu': [ '4.62.0' ],
16 silly audit   '@rollup/rollup-linux-loong64-musl': [ '4.62.0' ],
16 silly audit   '@rollup/rollup-linux-ppc64-gnu': [ '4.62.0' ],
16 silly audit   '@rollup/rollup-linux-ppc64-musl': [ '4.62.0' ],
16 silly audit   '@rollup/rollup-linux-riscv64-gnu': [ '4.62.0' ],
16 silly audit   '@rollup/rollup-linux-riscv64-musl': [ '4.62.0' ],
16 silly audit   '@rollup/rollup-linux-s390x-gnu': [ '4.62.0' ],
16 silly audit   '@rollup/rollup-linux-x64-gnu': [ '4.62.0' ],
16 silly audit   '@rollup/rollup-linux-x64-musl': [ '4.62.0' ],
16 silly audit   '@rollup/rollup-openbsd-x64': [ '4.62.0' ],
16 silly audit   '@rollup/rollup-openharmony-arm64': [ '4.62.0' ],
16 silly audit   '@rollup/rollup-win32-arm64-msvc': [ '4.62.0' ],
16 silly audit   '@rollup/rollup-win32-ia32-msvc': [ '4.62.0' ],
16 silly audit   '@rollup/rollup-win32-x64-gnu': [ '4.62.0' ],
16 silly audit   '@rollup/rollup-win32-x64-msvc': [ '4.62.0' ],
16 silly audit   '@tailwindcss/node': [ '4.1.17' ],
16 silly audit   '@tailwindcss/oxide': [ '4.1.17' ],
16 silly audit   '@tailwindcss/oxide-android-arm64': [ '4.1.17' ],
16 silly audit   '@tailwindcss/oxide-darwin-arm64': [ '4.1.17' ],
16 silly audit   '@tailwindcss/oxide-darwin-x64': [ '4.1.17' ],
16 silly audit   '@tailwindcss/oxide-freebsd-x64': [ '4.1.17' ],
16 silly audit   '@tailwindcss/oxide-linux-arm-gnueabihf': [ '4.1.17' ],
16 silly audit   '@tailwindcss/oxide-linux-arm64-gnu': [ '4.1.17' ],
16 silly audit   '@tailwindcss/oxide-linux-arm64-musl': [ '4.1.17' ],
16 silly audit   '@tailwindcss/oxide-linux-x64-gnu': [ '4.1.17' ],
16 silly audit   '@tailwindcss/oxide-linux-x64-musl': [ '4.1.17' ],
16 silly audit   '@tailwindcss/oxide-wasm32-wasi': [ '4.1.17' ],
16 silly audit   '@tailwindcss/oxide-win32-arm64-msvc': [ '4.1.17' ],
16 silly audit   '@tailwindcss/oxide-win32-x64-msvc': [ '4.1.17' ],
16 silly audit   '@tailwindcss/vite': [ '4.1.17' ],
16 silly audit   '@types/babel__core': [ '7.20.5' ],
16 silly audit   '@types/babel__generator': [ '7.27.0' ],
16 silly audit   '@types/babel__template': [ '7.4.4' ],
16 silly audit   '@types/babel__traverse': [ '7.28.0' ],
16 silly audit   '@types/estree': [ '1.0.9' ],
16 silly audit   '@types/node': [ '22.19.17' ],
16 silly audit   '@types/react': [ '19.2.7' ],
16 silly audit   '@types/react-dom': [ '19.2.3' ],
16 silly audit   '@vitejs/plugin-react': [ '5.1.1' ],
16 silly audit   'baseline-browser-mapping': [ '2.10.37' ],
16 silly audit   braces: [ '3.0.3' ],
16 silly audit   browserslist: [ '4.28.2' ],
16 silly audit   'caniuse-lite': [ '1.0.30001799' ],
16 silly audit   clsx: [ '2.1.1' ],
16 silly audit   'convert-source-map': [ '2.0.0' ],
16 silly audit   cookie: [ '1.1.1' ],
16 silly audit   csstype: [ '3.2.3' ],
16 silly audit   debug: [ '4.4.3' ],
16 silly audit   'detect-libc': [ '2.1.2' ],
16 silly audit   'electron-to-chromium': [ '1.5.372' ],
16 silly audit   'enhanced-resolve': [ '5.24.0' ],
16 silly audit   esbuild: [ '0.27.7' ],
16 silly audit   escalade: [ '3.2.0' ],
16 silly audit   fdir: [ '6.5.0' ],
16 silly audit   'fill-range': [ '7.1.1' ],
16 silly audit   'framer-motion': [ '12.40.0' ],
16 silly audit   fsevents: [ '2.3.3' ],
16 silly audit   gensync: [ '1.0.0-beta.2' ],
16 silly audit   'graceful-fs': [ '4.2.11' ],
16 silly audit   'is-number': [ '7.0.0' ],
16 silly audit   jiti: [ '2.7.0' ],
16 silly audit   'js-tokens': [ '4.0.0' ],
16 silly audit   jsesc: [ '3.1.0' ],
16 silly audit   json5: [ '2.2.3' ],
16 silly audit   lightningcss: [ '1.30.2' ],
16 silly audit   'lightningcss-android-arm64': [ '1.30.2' ],
16 silly audit   'lightningcss-darwin-arm64': [ '1.30.2' ],
16 silly audit   'lightningcss-darwin-x64': [ '1.30.2' ],
16 silly audit   'lightningcss-freebsd-x64': [ '1.30.2' ],
16 silly audit   'lightningcss-linux-arm-gnueabihf': [ '1.30.2' ],
16 silly audit   'lightningcss-linux-arm64-gnu': [ '1.30.2' ],
16 silly audit   'lightningcss-linux-arm64-musl': [ '1.30.2' ],
16 silly audit   'lightningcss-linux-x64-gnu': [ '1.30.2' ],
16 silly audit   'lightningcss-linux-x64-musl': [ '1.30.2' ],
16 silly audit   'lightningcss-win32-arm64-msvc': [ '1.30.2' ],
16 silly audit   'lightningcss-win32-x64-msvc': [ '1.30.2' ],
16 silly audit   'lru-cache': [ '5.1.1' ],
16 silly audit   'lucide-react': [ '1.18.0' ],
16 silly audit   'magic-string': [ '0.30.21' ],
16 silly audit   micromatch: [ '4.0.8' ],
16 silly audit   picomatch: [ '2.3.2', '4.0.4' ],
16 silly audit   'motion-dom': [ '12.40.0' ],
16 silly audit   'motion-utils': [ '12.39.0' ],
16 silly audit   ms: [ '2.1.3' ],
16 silly audit   nanoid: [ '3.3.12' ],
16 silly audit   'node-releases': [ '2.0.47' ],
16 silly audit   picocolors: [ '1.1.1' ],
16 silly audit   postcss: [ '8.5.15' ],
16 silly audit   react: [ '19.2.6' ],
16 silly audit   'react-dom': [ '19.2.6' ],
16 silly audit   'react-refresh': [ '0.18.0' ],
16 silly audit   'react-router': [ '7.17.0' ],
16 silly audit   'react-router-dom': [ '7.17.0' ],
16 silly audit   rollup: [ '4.62.0' ],
16 silly audit   scheduler: [ '0.27.0' ],
16 silly audit   semver: [ '6.3.1' ],
16 silly audit   'set-cookie-parser': [ '2.7.2' ],
16 silly audit   'source-map-js': [ '1.2.1' ],
16 silly audit   'tailwind-merge': [ '3.4.0' ],
16 silly audit   tailwindcss: [ '4.1.17' ],
16 silly audit   tapable: [ '2.3.3' ],
16 silly audit   tinyglobby: [ '0.2.17' ],
16 silly audit   'to-regex-range': [ '5.0.1' ],
16 silly audit   tslib: [ '2.8.1' ],
16 silly audit   typescript: [ '5.9.3' ],
16 silly audit   'undici-types': [ '6.21.0' ],
16 silly audit   'update-browserslist-db': [ '1.2.3' ],
16 silly audit   vite: [ '7.3.2' ],
16 silly audit   'vite-plugin-singlefile': [ '2.3.0' ],
16 silly audit   yallist: [ '3.1.1' ]
16 silly audit }
17 http cache yallist@https://registry.npmjs.org/yallist/-/yallist-3.1.1.tgz 1ms (cache hit)
18 http cache vite@https://registry.npmjs.org/vite/-/vite-7.3.2.tgz 0ms (cache hit)
19 http cache vite-plugin-singlefile@https://registry.npmjs.org/vite-plugin-singlefile/-/vite-plugin-singlefile-2.3.0.tgz 0ms (cache hit)
20 http cache update-browserslist-db@https://registry.npmjs.org/update-browserslist-db/-/update-browserslist-db-1.2.3.tgz 0ms (cache hit)
21 http cache undici-types@https://registry.npmjs.org/undici-types/-/undici-types-6.21.0.tgz 0ms (cache hit)
22 http cache typescript@https://registry.npmjs.org/typescript/-/typescript-5.9.3.tgz 1ms (cache hit)
23 http cache tslib@https://registry.npmjs.org/tslib/-/tslib-2.8.1.tgz 0ms (cache hit)
24 http cache to-regex-range@https://registry.npmjs.org/to-regex-range/-/to-regex-range-5.0.1.tgz 0ms (cache hit)
25 http cache tinyglobby@https://registry.npmjs.org/tinyglobby/-/tinyglobby-0.2.17.tgz 0ms (cache hit)
26 http cache tapable@https://registry.npmjs.org/tapable/-/tapable-2.3.3.tgz 0ms (cache hit)
27 http cache tailwindcss@https://registry.npmjs.org/tailwindcss/-/tailwindcss-4.1.17.tgz 0ms (cache hit)
28 http cache tailwind-merge@https://registry.npmjs.org/tailwind-merge/-/tailwind-merge-3.4.0.tgz 0ms (cache hit)
29 http cache source-map-js@https://registry.npmjs.org/source-map-js/-/source-map-js-1.2.1.tgz 0ms (cache hit)
30 http cache set-cookie-parser@https://registry.npmjs.org/set-cookie-parser/-/set-cookie-parser-2.7.2.tgz 0ms (cache hit)
31 http cache scheduler@https://registry.npmjs.org/scheduler/-/scheduler-0.27.0.tgz 0ms (cache hit)
32 http cache semver@https://registry.npmjs.org/semver/-/semver-6.3.1.tgz 0ms (cache hit)
33 http cache rollup@https://registry.npmjs.org/rollup/-/rollup-4.62.0.tgz 0ms (cache hit)
34 http cache react-router-dom@https://registry.npmjs.org/react-router-dom/-/react-router-dom-7.17.0.tgz 0ms (cache hit)
35 http cache react-router@https://registry.npmjs.org/react-router/-/react-router-7.17.0.tgz 0ms (cache hit)
36 http cache react-refresh@https://registry.npmjs.org/react-refresh/-/react-refresh-0.18.0.tgz 0ms (cache hit)
37 http cache react-dom@https://registry.npmjs.org/react-dom/-/react-dom-19.2.6.tgz 0ms (cache hit)
38 http cache react@https://registry.npmjs.org/react/-/react-19.2.6.tgz 0ms (cache hit)
39 http cache postcss@https://registry.npmjs.org/postcss/-/postcss-8.5.15.tgz 0ms (cache hit)
40 http cache picomatch@https://registry.npmjs.org/picomatch/-/picomatch-4.0.4.tgz 0ms (cache hit)
41 http cache picocolors@https://registry.npmjs.org/picocolors/-/picocolors-1.1.1.tgz 0ms (cache hit)
42 http cache node-releases@https://registry.npmjs.org/node-releases/-/node-releases-2.0.47.tgz 0ms (cache hit)
43 http cache nanoid@https://registry.npmjs.org/nanoid/-/nanoid-3.3.12.tgz 0ms (cache hit)
44 http cache ms@https://registry.npmjs.org/ms/-/ms-2.1.3.tgz 0ms (cache hit)
45 http cache motion-utils@https://registry.npmjs.org/motion-utils/-/motion-utils-12.39.0.tgz 0ms (cache hit)
46 http cache motion-dom@https://registry.npmjs.org/motion-dom/-/motion-dom-12.40.0.tgz 0ms (cache hit)
47 http cache micromatch@https://registry.npmjs.org/micromatch/-/micromatch-4.0.8.tgz 0ms (cache hit)
48 http cache lucide-react@https://registry.npmjs.org/lucide-react/-/lucide-react-1.18.0.tgz 0ms (cache hit)
49 http cache lru-cache@https://registry.npmjs.org/lru-cache/-/lru-cache-5.1.1.tgz 0ms (cache hit)
50 http cache magic-string@https://registry.npmjs.org/magic-string/-/magic-string-0.30.21.tgz 0ms (cache hit)
51 http cache lightningcss-win32-x64-msvc@https://registry.npmjs.org/lightningcss-win32-x64-msvc/-/lightningcss-win32-x64-msvc-1.30.2.tgz 0ms (cache hit)
52 http cache json5@https://registry.npmjs.org/json5/-/json5-2.2.3.tgz 0ms (cache hit)
53 http cache lightningcss@https://registry.npmjs.org/lightningcss/-/lightningcss-1.30.2.tgz 0ms (cache hit)
54 http cache jsesc@https://registry.npmjs.org/jsesc/-/jsesc-3.1.0.tgz 0ms (cache hit)
55 http cache js-tokens@https://registry.npmjs.org/js-tokens/-/js-tokens-4.0.0.tgz 0ms (cache hit)
56 http cache jiti@https://registry.npmjs.org/jiti/-/jiti-2.7.0.tgz 0ms (cache hit)
57 http cache is-number@https://registry.npmjs.org/is-number/-/is-number-7.0.0.tgz 0ms (cache hit)
58 http cache graceful-fs@https://registry.npmjs.org/graceful-fs/-/graceful-fs-4.2.11.tgz 0ms (cache hit)
59 http cache gensync@https://registry.npmjs.org/gensync/-/gensync-1.0.0-beta.2.tgz 0ms (cache hit)
60 http cache framer-motion@https://registry.npmjs.org/framer-motion/-/framer-motion-12.40.0.tgz 0ms (cache hit)
61 http cache fill-range@https://registry.npmjs.org/fill-range/-/fill-range-7.1.1.tgz 0ms (cache hit)
62 http cache fdir@https://registry.npmjs.org/fdir/-/fdir-6.5.0.tgz 0ms (cache hit)
63 http cache escalade@https://registry.npmjs.org/escalade/-/escalade-3.2.0.tgz 0ms (cache hit)
64 http cache esbuild@https://registry.npmjs.org/esbuild/-/esbuild-0.27.7.tgz 0ms (cache hit)
65 http cache enhanced-resolve@https://registry.npmjs.org/enhanced-resolve/-/enhanced-resolve-5.24.0.tgz 0ms (cache hit)
66 http cache electron-to-chromium@https://registry.npmjs.org/electron-to-chromium/-/electron-to-chromium-1.5.372.tgz 0ms (cache hit)
67 http cache detect-libc@https://registry.npmjs.org/detect-libc/-/detect-libc-2.1.2.tgz 0ms (cache hit)
68 http cache debug@https://registry.npmjs.org/debug/-/debug-4.4.3.tgz 0ms (cache hit)
69 http cache csstype@https://registry.npmjs.org/csstype/-/csstype-3.2.3.tgz 0ms (cache hit)
70 http cache convert-source-map@https://registry.npmjs.org/convert-source-map/-/convert-source-map-2.0.0.tgz 0ms (cache hit)
71 http cache cookie@https://registry.npmjs.org/cookie/-/cookie-1.1.1.tgz 0ms (cache hit)
72 http cache clsx@https://registry.npmjs.org/clsx/-/clsx-2.1.1.tgz 0ms (cache hit)
73 http cache caniuse-lite@https://registry.npmjs.org/caniuse-lite/-/caniuse-lite-1.0.30001799.tgz 0ms (cache hit)
74 http cache browserslist@https://registry.npmjs.org/browserslist/-/browserslist-4.28.2.tgz 0ms (cache hit)
75 http cache braces@https://registry.npmjs.org/braces/-/braces-3.0.3.tgz 0ms (cache hit)
76 http cache baseline-browser-mapping@https://registry.npmjs.org/baseline-browser-mapping/-/baseline-browser-mapping-2.10.37.tgz 0ms (cache hit)
77 http cache @vitejs/plugin-react@https://registry.npmjs.org/@vitejs/plugin-react/-/plugin-react-5.1.1.tgz 0ms (cache hit)
78 http cache @types/react-dom@https://registry.npmjs.org/@types/react-dom/-/react-dom-19.2.3.tgz 0ms (cache hit)
79 http cache @types/node@https://registry.npmjs.org/@types/node/-/node-22.19.17.tgz 0ms (cache hit)
80 http cache @types/react@https://registry.npmjs.org/@types/react/-/react-19.2.7.tgz 0ms (cache hit)
81 http cache @types/estree@https://registry.npmjs.org/@types/estree/-/estree-1.0.9.tgz 0ms (cache hit)
82 http cache @types/babel__traverse@https://registry.npmjs.org/@types/babel__traverse/-/babel__traverse-7.28.0.tgz 0ms (cache hit)
83 http cache @types/babel__template@https://registry.npmjs.org/@types/babel__template/-/babel__template-7.4.4.tgz 0ms (cache hit)
84 http cache @types/babel__generator@https://registry.npmjs.org/@types/babel__generator/-/babel__generator-7.27.0.tgz 0ms (cache hit)
85 http cache @types/babel__core@https://registry.npmjs.org/@types/babel__core/-/babel__core-7.20.5.tgz 0ms (cache hit)
86 http cache @tailwindcss/vite@https://registry.npmjs.org/@tailwindcss/vite/-/vite-4.1.17.tgz 0ms (cache hit)
87 http cache @tailwindcss/oxide@https://registry.npmjs.org/@tailwindcss/oxide/-/oxide-4.1.17.tgz 0ms (cache hit)
88 http cache @tailwindcss/oxide-win32-x64-msvc@https://registry.npmjs.org/@tailwindcss/oxide-win32-x64-msvc/-/oxide-win32-x64-msvc-4.1.17.tgz 0ms (cache hit)
89 http cache @tailwindcss/node@https://registry.npmjs.org/@tailwindcss/node/-/node-4.1.17.tgz 0ms (cache hit)
90 http cache @rollup/rollup-win32-x64-gnu@https://registry.npmjs.org/@rollup/rollup-win32-x64-gnu/-/rollup-win32-x64-gnu-4.62.0.tgz 0ms (cache hit)
91 http cache @rollup/rollup-win32-x64-msvc@https://registry.npmjs.org/@rollup/rollup-win32-x64-msvc/-/rollup-win32-x64-msvc-4.62.0.tgz 0ms (cache hit)
92 http cache @rolldown/pluginutils@https://registry.npmjs.org/@rolldown/pluginutils/-/pluginutils-1.0.0-beta.47.tgz 0ms (cache hit)
93 http cache @jridgewell/trace-mapping@https://registry.npmjs.org/@jridgewell/trace-mapping/-/trace-mapping-0.3.31.tgz 0ms (cache hit)
94 http cache @jridgewell/sourcemap-codec@https://registry.npmjs.org/@jridgewell/sourcemap-codec/-/sourcemap-codec-1.5.5.tgz 0ms (cache hit)
95 http cache @jridgewell/resolve-uri@https://registry.npmjs.org/@jridgewell/resolve-uri/-/resolve-uri-3.1.2.tgz 1ms (cache hit)
96 http cache @jridgewell/gen-mapping@https://registry.npmjs.org/@jridgewell/gen-mapping/-/gen-mapping-0.3.13.tgz 0ms (cache hit)
97 http cache @esbuild/win32-x64@https://registry.npmjs.org/@esbuild/win32-x64/-/win32-x64-0.27.7.tgz 0ms (cache hit)
98 http cache @babel/types@https://registry.npmjs.org/@babel/types/-/types-7.29.7.tgz 0ms (cache hit)
99 http cache @babel/traverse@https://registry.npmjs.org/@babel/traverse/-/traverse-7.29.7.tgz 0ms (cache hit)
100 http cache @babel/plugin-transform-react-jsx-source@https://registry.npmjs.org/@babel/plugin-transform-react-jsx-source/-/plugin-transform-react-jsx-source-7.29.7.tgz 0ms (cache hit)
101 http cache @babel/plugin-transform-react-jsx-self@https://registry.npmjs.org/@babel/plugin-transform-react-jsx-self/-/plugin-transform-react-jsx-self-7.29.7.tgz 0ms (cache hit)
102 http cache @babel/parser@https://registry.npmjs.org/@babel/parser/-/parser-7.29.7.tgz 1ms (cache hit)
103 http cache @babel/helpers@https://registry.npmjs.org/@babel/helpers/-/helpers-7.29.7.tgz 0ms (cache hit)
104 http cache @babel/helper-validator-option@https://registry.npmjs.org/@babel/helper-validator-option/-/helper-validator-option-7.29.7.tgz 0ms (cache hit)
105 http cache @babel/helper-validator-identifier@https://registry.npmjs.org/@babel/helper-validator-identifier/-/helper-validator-identifier-7.29.7.tgz 0ms (cache hit)
106 http cache @babel/helper-plugin-utils@https://registry.npmjs.org/@babel/helper-plugin-utils/-/helper-plugin-utils-7.29.7.tgz 0ms (cache hit)
107 http cache @babel/helper-module-transforms@https://registry.npmjs.org/@babel/helper-module-transforms/-/helper-module-transforms-7.29.7.tgz 0ms (cache hit)
108 http cache @babel/helper-string-parser@https://registry.npmjs.org/@babel/helper-string-parser/-/helper-string-parser-7.29.7.tgz 0ms (cache hit)
109 http cache @babel/helper-module-imports@https://registry.npmjs.org/@babel/helper-module-imports/-/helper-module-imports-7.29.7.tgz 0ms (cache hit)
110 http cache @babel/helper-globals@https://registry.npmjs.org/@babel/helper-globals/-/helper-globals-7.29.7.tgz 0ms (cache hit)
111 http cache @babel/helper-compilation-targets@https://registry.npmjs.org/@babel/helper-compilation-targets/-/helper-compilation-targets-7.29.7.tgz 0ms (cache hit)
112 http cache @babel/core@https://registry.npmjs.org/@babel/core/-/core-7.29.7.tgz 0ms (cache hit)
113 http cache @babel/compat-data@https://registry.npmjs.org/@babel/compat-data/-/compat-data-7.29.7.tgz 0ms (cache hit)
114 http cache @babel/generator@https://registry.npmjs.org/@babel/generator/-/generator-7.29.7.tgz 0ms (cache hit)
115 http cache @jridgewell/remapping@https://registry.npmjs.org/@jridgewell/remapping/-/remapping-2.3.5.tgz 0ms (cache hit)
116 http cache @babel/template@https://registry.npmjs.org/@babel/template/-/template-7.29.7.tgz 0ms (cache hit)
117 http cache @babel/code-frame@https://registry.npmjs.org/@babel/code-frame/-/code-frame-7.29.7.tgz 0ms (cache hit)
118 http cache picomatch@https://registry.npmjs.org/picomatch/-/picomatch-2.3.2.tgz 0ms (cache hit)
119 http fetch POST 200 https://registry.npmjs.org/-/npm/v1/security/advisories/bulk 1587ms
120 silly audit report {
120 silly audit report   esbuild: [
120 silly audit report     {
120 silly audit report       id: 1120679,
120 silly audit report       url: 'https://github.com/advisories/GHSA-gv7w-rqvm-qjhr',
120 silly audit report       title: 'esbuild: Missing binary integrity verification in Deno module enables remote code execution via NPM_CONFIG_REGISTRY',
120 silly audit report       severity: 'high',
120 silly audit report       vulnerable_versions: '>=0.17.0 <0.28.1',
120 silly audit report       cwe: [Array],
120 silly audit report       cvss: [Object]
120 silly audit report     },
120 silly audit report     {
120 silly audit report       id: 1120680,
120 silly audit report       url: 'https://github.com/advisories/GHSA-g7r4-m6w7-qqqr',
120 silly audit report       title: 'esbuild allows arbitrary file read when running the development server on Windows',
120 silly audit report       severity: 'low',
120 silly audit report       vulnerable_versions: '>=0.27.3 <0.28.1',
120 silly audit report       cwe: [Array],
120 silly audit report       cvss: [Object]
120 silly audit report     }
120 silly audit report   ]
120 silly audit report }
121 silly packumentCache corgi:https://registry.npmjs.org/esbuild cache-miss
122 http cache https://registry.npmjs.org/esbuild 1129ms (cache hit)
123 silly packumentCache corgi:https://registry.npmjs.org/esbuild set size:887361 disposed:false
124 silly packumentCache corgi:https://registry.npmjs.org/vite cache-miss
125 http cache https://registry.npmjs.org/vite 688ms (cache hit)
126 silly packumentCache corgi:https://registry.npmjs.org/vite set size:2261551 disposed:false
127 silly packumentCache corgi:https://registry.npmjs.org/@tailwindcss%2fvite cache-miss
128 silly packumentCache corgi:https://registry.npmjs.org/@vitejs%2fplugin-react cache-miss
129 silly packumentCache corgi:https://registry.npmjs.org/vite-plugin-singlefile cache-miss
130 http cache https://registry.npmjs.org/@tailwindcss%2fvite 638ms (cache hit)
131 silly packumentCache corgi:https://registry.npmjs.org/@tailwindcss%2fvite set size:858108 disposed:false
132 http cache https://registry.npmjs.org/@vitejs%2fplugin-react 655ms (cache hit)
133 silly packumentCache corgi:https://registry.npmjs.org/@vitejs%2fplugin-react set size:113751 disposed:false
134 http cache https://registry.npmjs.org/vite-plugin-singlefile 656ms (cache hit)
135 silly packumentCache corgi:https://registry.npmjs.org/vite-plugin-singlefile set size:64328 disposed:false
136 silly ADD node_modules/yallist
137 silly ADD node_modules/vite-plugin-singlefile
138 silly ADD node_modules/vite
139 silly ADD node_modules/update-browserslist-db
140 silly ADD node_modules/undici-types
141 silly ADD node_modules/typescript
142 silly ADD node_modules/tslib
143 silly ADD node_modules/to-regex-range
144 silly ADD node_modules/tinyglobby
145 silly ADD node_modules/tapable
146 silly ADD node_modules/tailwindcss
147 silly ADD node_modules/tailwind-merge
148 silly ADD node_modules/source-map-js
149 silly ADD node_modules/set-cookie-parser
150 silly ADD node_modules/semver
151 silly ADD node_modules/scheduler
152 silly ADD node_modules/rollup
153 silly ADD node_modules/react-router-dom
154 silly ADD node_modules/react-router
155 silly ADD node_modules/react-refresh
156 silly ADD node_modules/react-dom
157 silly ADD node_modules/react
158 silly ADD node_modules/postcss
159 silly ADD node_modules/picomatch
160 silly ADD node_modules/picocolors
161 silly ADD node_modules/node-releases
162 silly ADD node_modules/nanoid
163 silly ADD node_modules/ms
164 silly ADD node_modules/motion-utils
165 silly ADD node_modules/motion-dom
166 silly ADD node_modules/micromatch
167 silly ADD node_modules/micromatch/node_modules/picomatch
168 silly ADD node_modules/magic-string
169 silly ADD node_modules/lucide-react
170 silly ADD node_modules/lru-cache
171 silly ADD node_modules/lightningcss-win32-x64-msvc
172 silly ADD node_modules/lightningcss
173 silly ADD node_modules/json5
174 silly ADD node_modules/jsesc
175 silly ADD node_modules/js-tokens
176 silly ADD node_modules/jiti
177 silly ADD node_modules/is-number
178 silly ADD node_modules/graceful-fs
179 silly ADD node_modules/gensync
180 silly ADD node_modules/framer-motion
181 silly ADD node_modules/fill-range
182 silly ADD node_modules/fdir
183 silly ADD node_modules/escalade
184 silly ADD node_modules/esbuild
185 silly ADD node_modules/enhanced-resolve
186 silly ADD node_modules/electron-to-chromium
187 silly ADD node_modules/detect-libc
188 silly ADD node_modules/debug
189 silly ADD node_modules/csstype
190 silly ADD node_modules/cookie
191 silly ADD node_modules/convert-source-map
192 silly ADD node_modules/clsx
193 silly ADD node_modules/caniuse-lite
194 silly ADD node_modules/browserslist
195 silly ADD node_modules/braces
196 silly ADD node_modules/baseline-browser-mapping
197 silly ADD node_modules/@vitejs/plugin-react
198 silly ADD node_modules/@types/react-dom
199 silly ADD node_modules/@types/react
200 silly ADD node_modules/@types/node
201 silly ADD node_modules/@types/estree
202 silly ADD node_modules/@types/babel__traverse
203 silly ADD node_modules/@types/babel__template
204 silly ADD node_modules/@types/babel__generator
205 silly ADD node_modules/@types/babel__core
206 silly ADD node_modules/@tailwindcss/vite
207 silly ADD node_modules/@tailwindcss/oxide-win32-x64-msvc
208 silly ADD node_modules/@tailwindcss/oxide
209 silly ADD node_modules/@tailwindcss/node
210 silly ADD node_modules/@rollup/rollup-win32-x64-msvc
211 silly ADD node_modules/@rollup/rollup-win32-x64-gnu
212 silly ADD node_modules/@rolldown/pluginutils
213 silly ADD node_modules/@jridgewell/trace-mapping
214 silly ADD node_modules/@jridgewell/sourcemap-codec
215 silly ADD node_modules/@jridgewell/resolve-uri
216 silly ADD node_modules/@jridgewell/remapping
217 silly ADD node_modules/@jridgewell/gen-mapping
218 silly ADD node_modules/@esbuild/win32-x64
219 silly ADD node_modules/@babel/types
220 silly ADD node_modules/@babel/traverse
221 silly ADD node_modules/@babel/template
222 silly ADD node_modules/@babel/plugin-transform-react-jsx-source
223 silly ADD node_modules/@babel/plugin-transform-react-jsx-self
224 silly ADD node_modules/@babel/parser
225 silly ADD node_modules/@babel/helpers
226 silly ADD node_modules/@babel/helper-validator-option
227 silly ADD node_modules/@babel/helper-validator-identifier
228 silly ADD node_modules/@babel/helper-string-parser
229 silly ADD node_modules/@babel/helper-plugin-utils
230 silly ADD node_modules/@babel/helper-module-transforms
231 silly ADD node_modules/@babel/helper-module-imports
232 silly ADD node_modules/@babel/helper-globals
233 silly ADD node_modules/@babel/helper-compilation-targets
234 silly ADD node_modules/@babel/generator
235 silly ADD node_modules/@babel/core
236 silly ADD node_modules/@babel/compat-data
237 silly ADD node_modules/@babel/code-frame
238 verbose cwd C:\Users\Dharu\Downloads\mathematics-club-web-application
239 verbose os Windows_NT 10.0.26100
240 verbose node v25.9.0
241 verbose npm  v11.12.1
242 verbose exit 0
243 info ok
