0 verbose cli C:\Program Files\nodejs\node.exe C:\Program Files\nodejs\node_modules\npm\bin\npm-cli.js
1 info using npm@11.12.1
2 info using node@v25.9.0
3 silly config load:file:C:\Program Files\nodejs\node_modules\npm\npmrc
4 silly config load:file:C:\Users\Dharu\Downloads\mathematics-club-web-application\.npmrc
5 silly config load:file:C:\Users\Dharu\.npmrc
6 silly config load:file:C:\Users\Dharu\AppData\Roaming\npm\etc\npmrc
7 verbose title npm ci
8 verbose argv "ci" "--cache" ".npm-cache"
9 verbose logfile logs-max:10 dir:C:\Users\Dharu\Downloads\mathematics-club-web-application\.npm-cache\_logs\2026-06-14T04_55_33_485Z-
10 verbose logfile C:\Users\Dharu\Downloads\mathematics-club-web-application\.npm-cache\_logs\2026-06-14T04_55_33_485Z-debug-0.log
11 silly logfile done cleaning log files
12 silly packumentCache heap:2348810240 maxSize:587202560 maxEntrySize:293601280
13 silly packumentCache heap:2348810240 maxSize:587202560 maxEntrySize:293601280
14 silly idealTree buildDeps
15 silly reify moves {}
16 silly audit bulk request {
16 silly audit   '@babel/code-frame': [ '7.29.7' ],
16 silly audit   '@babel/compat-data': [ '7.29.7' ],
16 silly audit   '@babel/core': [ '7.29.7' ],
16 silly audit   '@babel/generator': [ '7.29.7' ],
16 silly audit   '@babel/helper-compilation-targets': [ '7.29.7' ],
16 silly audit   '@babel/helper-globals': [ '7.29.7' ],
16 silly audit   '@babel/helper-module-imports': [ '7.29.7' ],
16 silly audit   '@babel/helper-module-transforms': [ '7.29.7' ],
16 silly audit   '@babel/helper-plugin-utils': [ '7.29.7' ],
16 silly audit   '@babel/helper-string-parser': [ '7.29.7' ],
16 silly audit   '@babel/helper-validator-identifier': [ '7.29.7' ],
16 silly audit   '@babel/helper-validator-option': [ '7.29.7' ],
16 silly audit   '@babel/helpers': [ '7.29.7' ],
16 silly audit   '@babel/parser': [ '7.29.7' ],
16 silly audit   '@babel/plugin-transform-react-jsx-self': [ '7.29.7' ],
16 silly audit   '@babel/plugin-transform-react-jsx-source': [ '7.29.7' ],
16 silly audit   '@babel/template': [ '7.29.7' ],
16 silly audit   '@babel/traverse': [ '7.29.7' ],
16 silly audit   '@babel/types': [ '7.29.7' ],
16 silly audit   '@esbuild/aix-ppc64': [ '0.27.7' ],
16 silly audit   '@esbuild/android-arm': [ '0.27.7' ],
16 silly audit   '@esbuild/android-arm64': [ '0.27.7' ],
16 silly audit   '@esbuild/android-x64': [ '0.27.7' ],
16 silly audit   '@esbuild/darwin-arm64': [ '0.27.7' ],
16 silly audit   '@esbuild/darwin-x64': [ '0.27.7' ],
16 silly audit   '@esbuild/freebsd-arm64': [ '0.27.7' ],
16 silly audit   '@esbuild/freebsd-x64': [ '0.27.7' ],
16 silly audit   '@esbuild/linux-arm': [ '0.27.7' ],
16 silly audit   '@esbuild/linux-arm64': [ '0.27.7' ],
16 silly audit   '@esbuild/linux-ia32': [ '0.27.7' ],
16 silly audit   '@esbuild/linux-loong64': [ '0.27.7' ],
16 silly audit   '@esbuild/linux-mips64el': [ '0.27.7' ],
16 silly audit   '@esbuild/linux-ppc64': [ '0.27.7' ],
16 silly audit   '@esbuild/linux-riscv64': [ '0.27.7' ],
16 silly audit   '@esbuild/linux-s390x': [ '0.27.7' ],
16 silly audit   '@esbuild/linux-x64': [ '0.27.7' ],
16 silly audit   '@esbuild/netbsd-arm64': [ '0.27.7' ],
16 silly audit   '@esbuild/netbsd-x64': [ '0.27.7' ],
16 silly audit   '@esbuild/openbsd-arm64': [ '0.27.7' ],
16 silly audit   '@esbuild/openbsd-x64': [ '0.27.7' ],
16 silly audit   '@esbuild/openharmony-arm64': [ '0.27.7' ],
16 silly audit   '@esbuild/sunos-x64': [ '0.27.7' ],
16 silly audit   '@esbuild/win32-arm64': [ '0.27.7' ],
16 silly audit   '@esbuild/win32-ia32': [ '0.27.7' ],
16 silly audit   '@esbuild/win32-x64': [ '0.27.7' ],
16 silly audit   '@jridgewell/gen-mapping': [ '0.3.13' ],
16 silly audit   '@jridgewell/remapping': [ '2.3.5' ],
16 silly audit   '@jridgewell/resolve-uri': [ '3.1.2' ],
16 silly audit   '@jridgewell/sourcemap-codec': [ '1.5.5' ],
16 silly audit   '@jridgewell/trace-mapping': [ '0.3.31' ],
16 silly audit   '@rolldown/pluginutils': [ '1.0.0-beta.47' ],
16 silly audit   '@rollup/rollup-android-arm-eabi': [ '4.62.0' ],
16 silly audit   '@rollup/rollup-android-arm64': [ '4.62.0' ],
16 silly audit   '@rollup/rollup-darwin-arm64': [ '4.62.0' ],
16 silly audit   '@rollup/rollup-darwin-x64': [ '4.62.0' ],
16 silly audit   '@rollup/rollup-freebsd-arm64': [ '4.62.0' ],
16 silly audit   '@rollup/rollup-freebsd-x64': [ '4.62.0' ],
16 silly audit   '@rollup/rollup-linux-arm-gnueabihf': [ '4.62.0' ],
16 silly audit   '@rollup/rollup-linux-arm-musleabihf': [ '4.62.0' ],
16 silly audit   '@rollup/rollup-linux-arm64-gnu': [ '4.62.0' ],
16 silly audit   '@rollup/rollup-linux-arm64-musl': [ '4.62.0' ],
16 silly audit   '@rollup/rollup-linux-loong64-gnu': [ '4.62.0' ],
16 silly audit   '@rollup/rollup-linux-loong64-musl': [ '4.62.0' ],
16 silly audit   '@rollup/rollup-linux-ppc64-gnu': [ '4.62.0' ],
16 silly audit   '@rollup/rollup-linux-ppc64-musl': [ '4.62.0' ],
16 silly audit   '@rollup/rollup-linux-riscv64-gnu': [ '4.62.0' ],
16 silly audit   '@rollup/rollup-linux-riscv64-musl': [ '4.62.0' ],
16 silly audit   '@rollup/rollup-linux-s390x-gnu': [ '4.62.0' ],
16 silly audit   '@rollup/rollup-linux-x64-gnu': [ '4.62.0' ],
16 silly audit   '@rollup/rollup-linux-x64-musl': [ '4.62.0' ],
16 silly audit   '@rollup/rollup-openbsd-x64': [ '4.62.0' ],
16 silly audit   '@rollup/rollup-openharmony-arm64': [ '4.62.0' ],
16 silly audit   '@rollup/rollup-win32-arm64-msvc': [ '4.62.0' ],
16 silly audit   '@rollup/rollup-win32-ia32-msvc': [ '4.62.0' ],
16 silly audit   '@rollup/rollup-win32-x64-gnu': [ '4.62.0' ],
16 silly audit   '@rollup/rollup-win32-x64-msvc': [ '4.62.0' ],
16 silly audit   '@tailwindcss/node': [ '4.1.17' ],
16 silly audit   '@tailwindcss/oxide': [ '4.1.17' ],
16 silly audit   '@tailwindcss/oxide-android-arm64': [ '4.1.17' ],
16 silly audit   '@tailwindcss/oxide-darwin-arm64': [ '4.1.17' ],
16 silly audit   '@tailwindcss/oxide-darwin-x64': [ '4.1.17' ],
16 silly audit   '@tailwindcss/oxide-freebsd-x64': [ '4.1.17' ],
16 silly audit   '@tailwindcss/oxide-linux-arm-gnueabihf': [ '4.1.17' ],
16 silly audit   '@tailwindcss/oxide-linux-arm64-gnu': [ '4.1.17' ],
16 silly audit   '@tailwindcss/oxide-linux-arm64-musl': [ '4.1.17' ],
16 silly audit   '@tailwindcss/oxide-linux-x64-gnu': [ '4.1.17' ],
16 silly audit   '@tailwindcss/oxide-linux-x64-musl': [ '4.1.17' ],
16 silly audit   '@tailwindcss/oxide-wasm32-wasi': [ '4.1.17' ],
16 silly audit   '@tailwindcss/oxide-win32-arm64-msvc': [ '4.1.17' ],
16 silly audit   '@tailwindcss/oxide-win32-x64-msvc': [ '4.1.17' ],
16 silly audit   '@tailwindcss/vite': [ '4.1.17' ],
16 silly audit   '@types/babel__core': [ '7.20.5' ],
16 silly audit   '@types/babel__generator': [ '7.27.0' ],
16 silly audit   '@types/babel__template': [ '7.4.4' ],
16 silly audit   '@types/babel__traverse': [ '7.28.0' ],
16 silly audit   '@types/estree': [ '1.0.9' ],
16 silly audit   '@types/node': [ '22.19.17' ],
16 silly audit   '@types/react': [ '19.2.7' ],
16 silly audit   '@types/react-dom': [ '19.2.3' ],
16 silly audit   '@vitejs/plugin-react': [ '5.1.1' ],
16 silly audit   'baseline-browser-mapping': [ '2.10.37' ],
16 silly audit   braces: [ '3.0.3' ],
16 silly audit   browserslist: [ '4.28.2' ],
16 silly audit   'caniuse-lite': [ '1.0.30001799' ],
16 silly audit   clsx: [ '2.1.1' ],
16 silly audit   'convert-source-map': [ '2.0.0' ],
16 silly audit   cookie: [ '1.1.1' ],
16 silly audit   csstype: [ '3.2.3' ],
16 silly audit   debug: [ '4.4.3' ],
16 silly audit   'detect-libc': [ '2.1.2' ],
16 silly audit   'electron-to-chromium': [ '1.5.372' ],
16 silly audit   'enhanced-resolve': [ '5.24.0' ],
16 silly audit   esbuild: [ '0.27.7' ],
16 silly audit   escalade: [ '3.2.0' ],
16 silly audit   fdir: [ '6.5.0' ],
16 silly audit   'fill-range': [ '7.1.1' ],
16 silly audit   'framer-motion': [ '12.40.0' ],
16 silly audit   fsevents: [ '2.3.3' ],
16 silly audit   gensync: [ '1.0.0-beta.2' ],
16 silly audit   'graceful-fs': [ '4.2.11' ],
16 silly audit   'is-number': [ '7.0.0' ],
16 silly audit   jiti: [ '2.7.0' ],
16 silly audit   'js-tokens': [ '4.0.0' ],
16 silly audit   jsesc: [ '3.1.0' ],
16 silly audit   json5: [ '2.2.3' ],
16 silly audit   lightningcss: [ '1.30.2' ],
16 silly audit   'lightningcss-android-arm64': [ '1.30.2' ],
16 silly audit   'lightningcss-darwin-arm64': [ '1.30.2' ],
16 silly audit   'lightningcss-darwin-x64': [ '1.30.2' ],
16 silly audit   'lightningcss-freebsd-x64': [ '1.30.2' ],
16 silly audit   'lightningcss-linux-arm-gnueabihf': [ '1.30.2' ],
16 silly audit   'lightningcss-linux-arm64-gnu': [ '1.30.2' ],
16 silly audit   'lightningcss-linux-arm64-musl': [ '1.30.2' ],
16 silly audit   'lightningcss-linux-x64-gnu': [ '1.30.2' ],
16 silly audit   'lightningcss-linux-x64-musl': [ '1.30.2' ],
16 silly audit   'lightningcss-win32-arm64-msvc': [ '1.30.2' ],
16 silly audit   'lightningcss-win32-x64-msvc': [ '1.30.2' ],
16 silly audit   'lru-cache': [ '5.1.1' ],
16 silly audit   'lucide-react': [ '1.18.0' ],
16 silly audit   'magic-string': [ '0.30.21' ],
16 silly audit   micromatch: [ '4.0.8' ],
16 silly audit   picomatch: [ '2.3.2', '4.0.4' ],
16 silly audit   'motion-dom': [ '12.40.0' ],
16 silly audit   'motion-utils': [ '12.39.0' ],
16 silly audit   ms: [ '2.1.3' ],
16 silly audit   nanoid: [ '3.3.12' ],
16 silly audit   'node-releases': [ '2.0.47' ],
16 silly audit   picocolors: [ '1.1.1' ],
16 silly audit   postcss: [ '8.5.15' ],
16 silly audit   react: [ '19.2.6' ],
16 silly audit   'react-dom': [ '19.2.6' ],
16 silly audit   'react-refresh': [ '0.18.0' ],
16 silly audit   'react-router': [ '7.17.0' ],
16 silly audit   'react-router-dom': [ '7.17.0' ],
16 silly audit   rollup: [ '4.62.0' ],
16 silly audit   scheduler: [ '0.27.0' ],
16 silly audit   semver: [ '6.3.1' ],
16 silly audit   'set-cookie-parser': [ '2.7.2' ],
16 silly audit   'source-map-js': [ '1.2.1' ],
16 silly audit   'tailwind-merge': [ '3.4.0' ],
16 silly audit   tailwindcss: [ '4.1.17' ],
16 silly audit   tapable: [ '2.3.3' ],
16 silly audit   tinyglobby: [ '0.2.17' ],
16 silly audit   'to-regex-range': [ '5.0.1' ],
16 silly audit   tslib: [ '2.8.1' ],
16 silly audit   typescript: [ '5.9.3' ],
16 silly audit   'undici-types': [ '6.21.0' ],
16 silly audit   'update-browserslist-db': [ '1.2.3' ],
16 silly audit   vite: [ '7.3.2' ],
16 silly audit   'vite-plugin-singlefile': [ '2.3.0' ],
16 silly audit   yallist: [ '3.1.1' ]
16 silly audit }
17 http cache yallist@https://registry.npmjs.org/yallist/-/yallist-3.1.1.tgz 1ms (cache hit)
18 http cache vite-plugin-singlefile@https://registry.npmjs.org/vite-plugin-singlefile/-/vite-plugin-singlefile-2.3.0.tgz 0ms (cache hit)
19 http cache vite@https://registry.npmjs.org/vite/-/vite-7.3.2.tgz 0ms (cache hit)
20 http cache update-browserslist-db@https://registry.npmjs.org/update-browserslist-db/-/update-browserslist-db-1.2.3.tgz 0ms (cache hit)
21 http cache undici-types@https://registry.npmjs.org/undici-types/-/undici-types-6.21.0.tgz 0ms (cache hit)
22 http cache tslib@https://registry.npmjs.org/tslib/-/tslib-2.8.1.tgz 0ms (cache hit)
23 http cache typescript@https://registry.npmjs.org/typescript/-/typescript-5.9.3.tgz 0ms (cache hit)
24 http cache to-regex-range@https://registry.npmjs.org/to-regex-range/-/to-regex-range-5.0.1.tgz 0ms (cache hit)
25 http cache tinyglobby@https://registry.npmjs.org/tinyglobby/-/tinyglobby-0.2.17.tgz 0ms (cache hit)
26 http cache tapable@https://registry.npmjs.org/tapable/-/tapable-2.3.3.tgz 0ms (cache hit)
27 http cache tailwindcss@https://registry.npmjs.org/tailwindcss/-/tailwindcss-4.1.17.tgz 0ms (cache hit)
28 http cache source-map-js@https://registry.npmjs.org/source-map-js/-/source-map-js-1.2.1.tgz 0ms (cache hit)
29 http cache set-cookie-parser@https://registry.npmjs.org/set-cookie-parser/-/set-cookie-parser-2.7.2.tgz 0ms (cache hit)
30 http cache tailwind-merge@https://registry.npmjs.org/tailwind-merge/-/tailwind-merge-3.4.0.tgz 0ms (cache hit)
31 http cache semver@https://registry.npmjs.org/semver/-/semver-6.3.1.tgz 0ms (cache hit)
32 http cache scheduler@https://registry.npmjs.org/scheduler/-/scheduler-0.27.0.tgz 0ms (cache hit)
33 http cache rollup@https://registry.npmjs.org/rollup/-/rollup-4.62.0.tgz 0ms (cache hit)
34 http cache react-router-dom@https://registry.npmjs.org/react-router-dom/-/react-router-dom-7.17.0.tgz 0ms (cache hit)
35 http cache react-router@https://registry.npmjs.org/react-router/-/react-router-7.17.0.tgz 0ms (cache hit)
36 http cache react-refresh@https://registry.npmjs.org/react-refresh/-/react-refresh-0.18.0.tgz 0ms (cache hit)
37 http cache react-dom@https://registry.npmjs.org/react-dom/-/react-dom-19.2.6.tgz 0ms (cache hit)
38 http cache react@https://registry.npmjs.org/react/-/react-19.2.6.tgz 0ms (cache hit)
39 http cache postcss@https://registry.npmjs.org/postcss/-/postcss-8.5.15.tgz 0ms (cache hit)
40 http cache picomatch@https://registry.npmjs.org/picomatch/-/picomatch-4.0.4.tgz 0ms (cache hit)
41 http cache picocolors@https://registry.npmjs.org/picocolors/-/picocolors-1.1.1.tgz 0ms (cache hit)
42 http cache nanoid@https://registry.npmjs.org/nanoid/-/nanoid-3.3.12.tgz 0ms (cache hit)
43 http cache node-releases@https://registry.npmjs.org/node-releases/-/node-releases-2.0.47.tgz 0ms (cache hit)
44 http cache ms@https://registry.npmjs.org/ms/-/ms-2.1.3.tgz 0ms (cache hit)
45 http cache motion-utils@https://registry.npmjs.org/motion-utils/-/motion-utils-12.39.0.tgz 0ms (cache hit)
46 http cache motion-dom@https://registry.npmjs.org/motion-dom/-/motion-dom-12.40.0.tgz 0ms (cache hit)
47 http cache magic-string@https://registry.npmjs.org/magic-string/-/magic-string-0.30.21.tgz 0ms (cache hit)
48 http cache lucide-react@https://registry.npmjs.org/lucide-react/-/lucide-react-1.18.0.tgz 0ms (cache hit)
49 http cache micromatch@https://registry.npmjs.org/micromatch/-/micromatch-4.0.8.tgz 0ms (cache hit)
50 http cache lru-cache@https://registry.npmjs.org/lru-cache/-/lru-cache-5.1.1.tgz 0ms (cache hit)
51 http cache lightningcss-win32-x64-msvc@https://registry.npmjs.org/lightningcss-win32-x64-msvc/-/lightningcss-win32-x64-msvc-1.30.2.tgz 0ms (cache hit)
52 http cache lightningcss@https://registry.npmjs.org/lightningcss/-/lightningcss-1.30.2.tgz 0ms (cache hit)
53 http cache json5@https://registry.npmjs.org/json5/-/json5-2.2.3.tgz 0ms (cache hit)
54 http cache jsesc@https://registry.npmjs.org/jsesc/-/jsesc-3.1.0.tgz 0ms (cache hit)
55 http cache js-tokens@https://registry.npmjs.org/js-tokens/-/js-tokens-4.0.0.tgz 0ms (cache hit)
56 http cache is-number@https://registry.npmjs.org/is-number/-/is-number-7.0.0.tgz 0ms (cache hit)
57 http cache jiti@https://registry.npmjs.org/jiti/-/jiti-2.7.0.tgz 0ms (cache hit)
58 http cache graceful-fs@https://registry.npmjs.org/graceful-fs/-/graceful-fs-4.2.11.tgz 0ms (cache hit)
59 http cache gensync@https://registry.npmjs.org/gensync/-/gensync-1.0.0-beta.2.tgz 0ms (cache hit)
60 http cache fdir@https://registry.npmjs.org/fdir/-/fdir-6.5.0.tgz 0ms (cache hit)
61 http cache framer-motion@https://registry.npmjs.org/framer-motion/-/framer-motion-12.40.0.tgz 0ms (cache hit)
62 http cache fill-range@https://registry.npmjs.org/fill-range/-/fill-range-7.1.1.tgz 0ms (cache hit)
63 http cache escalade@https://registry.npmjs.org/escalade/-/escalade-3.2.0.tgz 0ms (cache hit)
64 http cache esbuild@https://registry.npmjs.org/esbuild/-/esbuild-0.27.7.tgz 0ms (cache hit)
65 http cache electron-to-chromium@https://registry.npmjs.org/electron-to-chromium/-/electron-to-chromium-1.5.372.tgz 0ms (cache hit)
66 http cache enhanced-resolve@https://registry.npmjs.org/enhanced-resolve/-/enhanced-resolve-5.24.0.tgz 0ms (cache hit)
67 http cache detect-libc@https://registry.npmjs.org/detect-libc/-/detect-libc-2.1.2.tgz 0ms (cache hit)
68 http cache debug@https://registry.npmjs.org/debug/-/debug-4.4.3.tgz 0ms (cache hit)
69 http cache cookie@https://registry.npmjs.org/cookie/-/cookie-1.1.1.tgz 0ms (cache hit)
70 http cache convert-source-map@https://registry.npmjs.org/convert-source-map/-/convert-source-map-2.0.0.tgz 0ms (cache hit)
71 http cache csstype@https://registry.npmjs.org/csstype/-/csstype-3.2.3.tgz 0ms (cache hit)
72 http cache clsx@https://registry.npmjs.org/clsx/-/clsx-2.1.1.tgz 0ms (cache hit)
73 http cache caniuse-lite@https://registry.npmjs.org/caniuse-lite/-/caniuse-lite-1.0.30001799.tgz 0ms (cache hit)
74 http cache braces@https://registry.npmjs.org/braces/-/braces-3.0.3.tgz 0ms (cache hit)
75 http cache browserslist@https://registry.npmjs.org/browserslist/-/browserslist-4.28.2.tgz 0ms (cache hit)
76 http cache @vitejs/plugin-react@https://registry.npmjs.org/@vitejs/plugin-react/-/plugin-react-5.1.1.tgz 0ms (cache hit)
77 http cache baseline-browser-mapping@https://registry.npmjs.org/baseline-browser-mapping/-/baseline-browser-mapping-2.10.37.tgz 0ms (cache hit)
78 http cache @types/react-dom@https://registry.npmjs.org/@types/react-dom/-/react-dom-19.2.3.tgz 0ms (cache hit)
79 http cache @types/react@https://registry.npmjs.org/@types/react/-/react-19.2.7.tgz 0ms (cache hit)
80 http cache @types/node@https://registry.npmjs.org/@types/node/-/node-22.19.17.tgz 0ms (cache hit)
81 http cache @types/estree@https://registry.npmjs.org/@types/estree/-/estree-1.0.9.tgz 0ms (cache hit)
82 http cache @types/babel__traverse@https://registry.npmjs.org/@types/babel__traverse/-/babel__traverse-7.28.0.tgz 0ms (cache hit)
83 http cache @types/babel__template@https://registry.npmjs.org/@types/babel__template/-/babel__template-7.4.4.tgz 0ms (cache hit)
84 http cache @types/babel__generator@https://registry.npmjs.org/@types/babel__generator/-/babel__generator-7.27.0.tgz 0ms (cache hit)
85 http cache @tailwindcss/vite@https://registry.npmjs.org/@tailwindcss/vite/-/vite-4.1.17.tgz 0ms (cache hit)
86 http cache @types/babel__core@https://registry.npmjs.org/@types/babel__core/-/babel__core-7.20.5.tgz 0ms (cache hit)
87 http cache @tailwindcss/oxide-win32-x64-msvc@https://registry.npmjs.org/@tailwindcss/oxide-win32-x64-msvc/-/oxide-win32-x64-msvc-4.1.17.tgz 0ms (cache hit)
88 http cache @rollup/rollup-win32-x64-msvc@https://registry.npmjs.org/@rollup/rollup-win32-x64-msvc/-/rollup-win32-x64-msvc-4.62.0.tgz 0ms (cache hit)
89 http cache @tailwindcss/oxide@https://registry.npmjs.org/@tailwindcss/oxide/-/oxide-4.1.17.tgz 0ms (cache hit)
90 http cache @tailwindcss/node@https://registry.npmjs.org/@tailwindcss/node/-/node-4.1.17.tgz 0ms (cache hit)
91 http cache @rollup/rollup-win32-x64-gnu@https://registry.npmjs.org/@rollup/rollup-win32-x64-gnu/-/rollup-win32-x64-gnu-4.62.0.tgz 0ms (cache hit)
92 http cache @rolldown/pluginutils@https://registry.npmjs.org/@rolldown/pluginutils/-/pluginutils-1.0.0-beta.47.tgz 0ms (cache hit)
93 http cache @jridgewell/resolve-uri@https://registry.npmjs.org/@jridgewell/resolve-uri/-/resolve-uri-3.1.2.tgz 0ms (cache hit)
94 http cache @jridgewell/trace-mapping@https://registry.npmjs.org/@jridgewell/trace-mapping/-/trace-mapping-0.3.31.tgz 0ms (cache hit)
95 http cache @jridgewell/sourcemap-codec@https://registry.npmjs.org/@jridgewell/sourcemap-codec/-/sourcemap-codec-1.5.5.tgz 0ms (cache hit)
96 http cache @jridgewell/remapping@https://registry.npmjs.org/@jridgewell/remapping/-/remapping-2.3.5.tgz 0ms (cache hit)
97 http cache @jridgewell/gen-mapping@https://registry.npmjs.org/@jridgewell/gen-mapping/-/gen-mapping-0.3.13.tgz 0ms (cache hit)
98 http cache @esbuild/win32-x64@https://registry.npmjs.org/@esbuild/win32-x64/-/win32-x64-0.27.7.tgz 0ms (cache hit)
99 http cache @babel/types@https://registry.npmjs.org/@babel/types/-/types-7.29.7.tgz 0ms (cache hit)
100 http cache @babel/traverse@https://registry.npmjs.org/@babel/traverse/-/traverse-7.29.7.tgz 0ms (cache hit)
101 http cache @babel/template@https://registry.npmjs.org/@babel/template/-/template-7.29.7.tgz 0ms (cache hit)
102 http cache @babel/plugin-transform-react-jsx-source@https://registry.npmjs.org/@babel/plugin-transform-react-jsx-source/-/plugin-transform-react-jsx-source-7.29.7.tgz 0ms (cache hit)
103 http cache @babel/plugin-transform-react-jsx-self@https://registry.npmjs.org/@babel/plugin-transform-react-jsx-self/-/plugin-transform-react-jsx-self-7.29.7.tgz 0ms (cache hit)
104 http cache @babel/parser@https://registry.npmjs.org/@babel/parser/-/parser-7.29.7.tgz 0ms (cache hit)
105 http cache @babel/helpers@https://registry.npmjs.org/@babel/helpers/-/helpers-7.29.7.tgz 0ms (cache hit)
106 http cache @babel/helper-validator-option@https://registry.npmjs.org/@babel/helper-validator-option/-/helper-validator-option-7.29.7.tgz 0ms (cache hit)
107 http cache @babel/helper-validator-identifier@https://registry.npmjs.org/@babel/helper-validator-identifier/-/helper-validator-identifier-7.29.7.tgz 0ms (cache hit)
108 http cache @babel/helper-string-parser@https://registry.npmjs.org/@babel/helper-string-parser/-/helper-string-parser-7.29.7.tgz 0ms (cache hit)
109 http cache @babel/helper-plugin-utils@https://registry.npmjs.org/@babel/helper-plugin-utils/-/helper-plugin-utils-7.29.7.tgz 0ms (cache hit)
110 http cache @babel/helper-module-transforms@https://registry.npmjs.org/@babel/helper-module-transforms/-/helper-module-transforms-7.29.7.tgz 0ms (cache hit)
111 http cache @babel/helper-module-imports@https://registry.npmjs.org/@babel/helper-module-imports/-/helper-module-imports-7.29.7.tgz 1ms (cache hit)
112 http cache @babel/helper-compilation-targets@https://registry.npmjs.org/@babel/helper-compilation-targets/-/helper-compilation-targets-7.29.7.tgz 0ms (cache hit)
113 http cache @babel/helper-globals@https://registry.npmjs.org/@babel/helper-globals/-/helper-globals-7.29.7.tgz 0ms (cache hit)
114 http cache @babel/generator@https://registry.npmjs.org/@babel/generator/-/generator-7.29.7.tgz 0ms (cache hit)
115 http cache @babel/core@https://registry.npmjs.org/@babel/core/-/core-7.29.7.tgz 0ms (cache hit)
116 silly tarball no local data for yallist@https://registry.npmjs.org/yallist/-/yallist-3.1.1.tgz. Extracting by manifest.
117 http cache @babel/code-frame@https://registry.npmjs.org/@babel/code-frame/-/code-frame-7.29.7.tgz 0ms (cache hit)
118 silly tarball no local data for vite-plugin-singlefile@https://registry.npmjs.org/vite-plugin-singlefile/-/vite-plugin-singlefile-2.3.0.tgz. Extracting by manifest.
119 silly tarball no local data for vite@https://registry.npmjs.org/vite/-/vite-7.3.2.tgz. Extracting by manifest.
120 silly tarball no local data for update-browserslist-db@https://registry.npmjs.org/update-browserslist-db/-/update-browserslist-db-1.2.3.tgz. Extracting by manifest.
121 http cache @babel/compat-data@https://registry.npmjs.org/@babel/compat-data/-/compat-data-7.29.7.tgz 0ms (cache hit)
122 silly tarball no local data for undici-types@https://registry.npmjs.org/undici-types/-/undici-types-6.21.0.tgz. Extracting by manifest.
123 silly tarball no local data for tslib@https://registry.npmjs.org/tslib/-/tslib-2.8.1.tgz. Extracting by manifest.
124 silly tarball no local data for typescript@https://registry.npmjs.org/typescript/-/typescript-5.9.3.tgz. Extracting by manifest.
125 silly tarball no local data for to-regex-range@https://registry.npmjs.org/to-regex-range/-/to-regex-range-5.0.1.tgz. Extracting by manifest.
126 http cache picomatch@https://registry.npmjs.org/picomatch/-/picomatch-2.3.2.tgz 0ms (cache hit)
127 silly tarball no local data for tinyglobby@https://registry.npmjs.org/tinyglobby/-/tinyglobby-0.2.17.tgz. Extracting by manifest.
128 silly tarball no local data for tapable@https://registry.npmjs.org/tapable/-/tapable-2.3.3.tgz. Extracting by manifest.
129 silly tarball no local data for tailwindcss@https://registry.npmjs.org/tailwindcss/-/tailwindcss-4.1.17.tgz. Extracting by manifest.
130 silly tarball no local data for source-map-js@https://registry.npmjs.org/source-map-js/-/source-map-js-1.2.1.tgz. Extracting by manifest.
131 silly tarball no local data for set-cookie-parser@https://registry.npmjs.org/set-cookie-parser/-/set-cookie-parser-2.7.2.tgz. Extracting by manifest.
132 silly tarball no local data for tailwind-merge@https://registry.npmjs.org/tailwind-merge/-/tailwind-merge-3.4.0.tgz. Extracting by manifest.
133 silly tarball no local data for semver@https://registry.npmjs.org/semver/-/semver-6.3.1.tgz. Extracting by manifest.
134 silly tarball no local data for scheduler@https://registry.npmjs.org/scheduler/-/scheduler-0.27.0.tgz. Extracting by manifest.
135 silly tarball no local data for rollup@https://registry.npmjs.org/rollup/-/rollup-4.62.0.tgz. Extracting by manifest.
136 silly tarball no local data for react-router-dom@https://registry.npmjs.org/react-router-dom/-/react-router-dom-7.17.0.tgz. Extracting by manifest.
137 silly tarball no local data for react-router@https://registry.npmjs.org/react-router/-/react-router-7.17.0.tgz. Extracting by manifest.
138 silly tarball no local data for react-refresh@https://registry.npmjs.org/react-refresh/-/react-refresh-0.18.0.tgz. Extracting by manifest.
139 silly tarball no local data for react-dom@https://registry.npmjs.org/react-dom/-/react-dom-19.2.6.tgz. Extracting by manifest.
140 silly tarball no local data for react@https://registry.npmjs.org/react/-/react-19.2.6.tgz. Extracting by manifest.
141 silly tarball no local data for postcss@https://registry.npmjs.org/postcss/-/postcss-8.5.15.tgz. Extracting by manifest.
142 silly tarball no local data for picomatch@https://registry.npmjs.org/picomatch/-/picomatch-4.0.4.tgz. Extracting by manifest.
143 silly tarball no local data for picocolors@https://registry.npmjs.org/picocolors/-/picocolors-1.1.1.tgz. Extracting by manifest.
144 silly tarball no local data for nanoid@https://registry.npmjs.org/nanoid/-/nanoid-3.3.12.tgz. Extracting by manifest.
145 silly tarball no local data for node-releases@https://registry.npmjs.org/node-releases/-/node-releases-2.0.47.tgz. Extracting by manifest.
146 silly tarball no local data for ms@https://registry.npmjs.org/ms/-/ms-2.1.3.tgz. Extracting by manifest.
147 silly tarball no local data for motion-utils@https://registry.npmjs.org/motion-utils/-/motion-utils-12.39.0.tgz. Extracting by manifest.
148 silly tarball no local data for motion-dom@https://registry.npmjs.org/motion-dom/-/motion-dom-12.40.0.tgz. Extracting by manifest.
149 silly tarball no local data for magic-string@https://registry.npmjs.org/magic-string/-/magic-string-0.30.21.tgz. Extracting by manifest.
150 silly tarball no local data for lucide-react@https://registry.npmjs.org/lucide-react/-/lucide-react-1.18.0.tgz. Extracting by manifest.
151 silly tarball no local data for micromatch@https://registry.npmjs.org/micromatch/-/micromatch-4.0.8.tgz. Extracting by manifest.
152 silly tarball no local data for lru-cache@https://registry.npmjs.org/lru-cache/-/lru-cache-5.1.1.tgz. Extracting by manifest.
153 silly tarball no local data for lightningcss-win32-x64-msvc@https://registry.npmjs.org/lightningcss-win32-x64-msvc/-/lightningcss-win32-x64-msvc-1.30.2.tgz. Extracting by manifest.
154 silly tarball no local data for lightningcss@https://registry.npmjs.org/lightningcss/-/lightningcss-1.30.2.tgz. Extracting by manifest.
155 silly tarball no local data for json5@https://registry.npmjs.org/json5/-/json5-2.2.3.tgz. Extracting by manifest.
156 silly tarball no local data for jsesc@https://registry.npmjs.org/jsesc/-/jsesc-3.1.0.tgz. Extracting by manifest.
157 silly tarball no local data for js-tokens@https://registry.npmjs.org/js-tokens/-/js-tokens-4.0.0.tgz. Extracting by manifest.
158 silly tarball no local data for is-number@https://registry.npmjs.org/is-number/-/is-number-7.0.0.tgz. Extracting by manifest.
159 silly tarball no local data for jiti@https://registry.npmjs.org/jiti/-/jiti-2.7.0.tgz. Extracting by manifest.
160 silly tarball no local data for graceful-fs@https://registry.npmjs.org/graceful-fs/-/graceful-fs-4.2.11.tgz. Extracting by manifest.
161 silly tarball no local data for gensync@https://registry.npmjs.org/gensync/-/gensync-1.0.0-beta.2.tgz. Extracting by manifest.
162 silly tarball no local data for fdir@https://registry.npmjs.org/fdir/-/fdir-6.5.0.tgz. Extracting by manifest.
163 silly tarball no local data for framer-motion@https://registry.npmjs.org/framer-motion/-/framer-motion-12.40.0.tgz. Extracting by manifest.
164 silly tarball no local data for fill-range@https://registry.npmjs.org/fill-range/-/fill-range-7.1.1.tgz. Extracting by manifest.
165 silly tarball no local data for escalade@https://registry.npmjs.org/escalade/-/escalade-3.2.0.tgz. Extracting by manifest.
166 silly tarball no local data for esbuild@https://registry.npmjs.org/esbuild/-/esbuild-0.27.7.tgz. Extracting by manifest.
167 silly tarball no local data for electron-to-chromium@https://registry.npmjs.org/electron-to-chromium/-/electron-to-chromium-1.5.372.tgz. Extracting by manifest.
168 silly tarball no local data for enhanced-resolve@https://registry.npmjs.org/enhanced-resolve/-/enhanced-resolve-5.24.0.tgz. Extracting by manifest.
169 silly tarball no local data for detect-libc@https://registry.npmjs.org/detect-libc/-/detect-libc-2.1.2.tgz. Extracting by manifest.
170 silly tarball no local data for debug@https://registry.npmjs.org/debug/-/debug-4.4.3.tgz. Extracting by manifest.
171 silly tarball no local data for cookie@https://registry.npmjs.org/cookie/-/cookie-1.1.1.tgz. Extracting by manifest.
172 silly tarball no local data for convert-source-map@https://registry.npmjs.org/convert-source-map/-/convert-source-map-2.0.0.tgz. Extracting by manifest.
173 silly tarball no local data for csstype@https://registry.npmjs.org/csstype/-/csstype-3.2.3.tgz. Extracting by manifest.
174 silly tarball no local data for clsx@https://registry.npmjs.org/clsx/-/clsx-2.1.1.tgz. Extracting by manifest.
175 silly tarball no local data for caniuse-lite@https://registry.npmjs.org/caniuse-lite/-/caniuse-lite-1.0.30001799.tgz. Extracting by manifest.
176 silly tarball no local data for braces@https://registry.npmjs.org/braces/-/braces-3.0.3.tgz. Extracting by manifest.
177 silly tarball no local data for browserslist@https://registry.npmjs.org/browserslist/-/browserslist-4.28.2.tgz. Extracting by manifest.
178 silly tarball no local data for @vitejs/plugin-react@https://registry.npmjs.org/@vitejs/plugin-react/-/plugin-react-5.1.1.tgz. Extracting by manifest.
179 silly tarball no local data for baseline-browser-mapping@https://registry.npmjs.org/baseline-browser-mapping/-/baseline-browser-mapping-2.10.37.tgz. Extracting by manifest.
180 silly tarball no local data for @types/react-dom@https://registry.npmjs.org/@types/react-dom/-/react-dom-19.2.3.tgz. Extracting by manifest.
181 silly tarball no local data for @types/react@https://registry.npmjs.org/@types/react/-/react-19.2.7.tgz. Extracting by manifest.
182 silly tarball no local data for @types/node@https://registry.npmjs.org/@types/node/-/node-22.19.17.tgz. Extracting by manifest.
183 silly tarball no local data for @types/estree@https://registry.npmjs.org/@types/estree/-/estree-1.0.9.tgz. Extracting by manifest.
184 silly tarball no local data for @types/babel__traverse@https://registry.npmjs.org/@types/babel__traverse/-/babel__traverse-7.28.0.tgz. Extracting by manifest.
185 silly tarball no local data for @types/babel__template@https://registry.npmjs.org/@types/babel__template/-/babel__template-7.4.4.tgz. Extracting by manifest.
186 silly tarball no local data for @types/babel__generator@https://registry.npmjs.org/@types/babel__generator/-/babel__generator-7.27.0.tgz. Extracting by manifest.
187 silly tarball no local data for @tailwindcss/vite@https://registry.npmjs.org/@tailwindcss/vite/-/vite-4.1.17.tgz. Extracting by manifest.
188 silly tarball no local data for @types/babel__core@https://registry.npmjs.org/@types/babel__core/-/babel__core-7.20.5.tgz. Extracting by manifest.
189 silly tarball no local data for @tailwindcss/oxide-win32-x64-msvc@https://registry.npmjs.org/@tailwindcss/oxide-win32-x64-msvc/-/oxide-win32-x64-msvc-4.1.17.tgz. Extracting by manifest.
190 silly tarball no local data for @rollup/rollup-win32-x64-msvc@https://registry.npmjs.org/@rollup/rollup-win32-x64-msvc/-/rollup-win32-x64-msvc-4.62.0.tgz. Extracting by manifest.
191 silly tarball no local data for @tailwindcss/oxide@https://registry.npmjs.org/@tailwindcss/oxide/-/oxide-4.1.17.tgz. Extracting by manifest.
192 silly tarball no local data for @tailwindcss/node@https://registry.npmjs.org/@tailwindcss/node/-/node-4.1.17.tgz. Extracting by manifest.
193 silly tarball no local data for @rollup/rollup-win32-x64-gnu@https://registry.npmjs.org/@rollup/rollup-win32-x64-gnu/-/rollup-win32-x64-gnu-4.62.0.tgz. Extracting by manifest.
194 silly tarball no local data for @rolldown/pluginutils@https://registry.npmjs.org/@rolldown/pluginutils/-/pluginutils-1.0.0-beta.47.tgz. Extracting by manifest.
195 silly tarball no local data for @jridgewell/resolve-uri@https://registry.npmjs.org/@jridgewell/resolve-uri/-/resolve-uri-3.1.2.tgz. Extracting by manifest.
196 silly tarball no local data for @jridgewell/trace-mapping@https://registry.npmjs.org/@jridgewell/trace-mapping/-/trace-mapping-0.3.31.tgz. Extracting by manifest.
197 silly tarball no local data for @jridgewell/sourcemap-codec@https://registry.npmjs.org/@jridgewell/sourcemap-codec/-/sourcemap-codec-1.5.5.tgz. Extracting by manifest.
198 silly tarball no local data for @jridgewell/remapping@https://registry.npmjs.org/@jridgewell/remapping/-/remapping-2.3.5.tgz. Extracting by manifest.
199 silly tarball no local data for @jridgewell/gen-mapping@https://registry.npmjs.org/@jridgewell/gen-mapping/-/gen-mapping-0.3.13.tgz. Extracting by manifest.
200 silly tarball no local data for @esbuild/win32-x64@https://registry.npmjs.org/@esbuild/win32-x64/-/win32-x64-0.27.7.tgz. Extracting by manifest.
201 silly tarball no local data for @babel/types@https://registry.npmjs.org/@babel/types/-/types-7.29.7.tgz. Extracting by manifest.
202 silly tarball no local data for @babel/traverse@https://registry.npmjs.org/@babel/traverse/-/traverse-7.29.7.tgz. Extracting by manifest.
203 silly tarball no local data for @babel/template@https://registry.npmjs.org/@babel/template/-/template-7.29.7.tgz. Extracting by manifest.
204 silly tarball no local data for @babel/plugin-transform-react-jsx-source@https://registry.npmjs.org/@babel/plugin-transform-react-jsx-source/-/plugin-transform-react-jsx-source-7.29.7.tgz. Extracting by manifest.
205 silly tarball no local data for @babel/plugin-transform-react-jsx-self@https://registry.npmjs.org/@babel/plugin-transform-react-jsx-self/-/plugin-transform-react-jsx-self-7.29.7.tgz. Extracting by manifest.
206 silly tarball no local data for @babel/parser@https://registry.npmjs.org/@babel/parser/-/parser-7.29.7.tgz. Extracting by manifest.
207 silly tarball no local data for @babel/helpers@https://registry.npmjs.org/@babel/helpers/-/helpers-7.29.7.tgz. Extracting by manifest.
208 silly tarball no local data for @babel/helper-validator-option@https://registry.npmjs.org/@babel/helper-validator-option/-/helper-validator-option-7.29.7.tgz. Extracting by manifest.
209 silly tarball no local data for @babel/helper-validator-identifier@https://registry.npmjs.org/@babel/helper-validator-identifier/-/helper-validator-identifier-7.29.7.tgz. Extracting by manifest.
210 silly tarball no local data for @babel/helper-string-parser@https://registry.npmjs.org/@babel/helper-string-parser/-/helper-string-parser-7.29.7.tgz. Extracting by manifest.
211 silly tarball no local data for @babel/helper-plugin-utils@https://registry.npmjs.org/@babel/helper-plugin-utils/-/helper-plugin-utils-7.29.7.tgz. Extracting by manifest.
212 silly tarball no local data for @babel/helper-module-transforms@https://registry.npmjs.org/@babel/helper-module-transforms/-/helper-module-transforms-7.29.7.tgz. Extracting by manifest.
213 silly tarball no local data for @babel/helper-module-imports@https://registry.npmjs.org/@babel/helper-module-imports/-/helper-module-imports-7.29.7.tgz. Extracting by manifest.
214 silly tarball no local data for @babel/helper-compilation-targets@https://registry.npmjs.org/@babel/helper-compilation-targets/-/helper-compilation-targets-7.29.7.tgz. Extracting by manifest.
215 silly tarball no local data for @babel/helper-globals@https://registry.npmjs.org/@babel/helper-globals/-/helper-globals-7.29.7.tgz. Extracting by manifest.
216 silly tarball no local data for @babel/generator@https://registry.npmjs.org/@babel/generator/-/generator-7.29.7.tgz. Extracting by manifest.
217 silly tarball no local data for @babel/core@https://registry.npmjs.org/@babel/core/-/core-7.29.7.tgz. Extracting by manifest.
218 silly tarball no local data for @babel/code-frame@https://registry.npmjs.org/@babel/code-frame/-/code-frame-7.29.7.tgz. Extracting by manifest.
219 silly tarball no local data for @babel/compat-data@https://registry.npmjs.org/@babel/compat-data/-/compat-data-7.29.7.tgz. Extracting by manifest.
220 silly tarball no local data for picomatch@https://registry.npmjs.org/picomatch/-/picomatch-2.3.2.tgz. Extracting by manifest.
221 http fetch GET 200 https://registry.npmjs.org/yallist/-/yallist-3.1.1.tgz 1211ms (cache miss)
222 http fetch GET 200 https://registry.npmjs.org/undici-types/-/undici-types-6.21.0.tgz 1292ms (cache miss)
223 http fetch GET 200 https://registry.npmjs.org/to-regex-range/-/to-regex-range-5.0.1.tgz 1462ms (cache miss)
224 http fetch GET 200 https://registry.npmjs.org/update-browserslist-db/-/update-browserslist-db-1.2.3.tgz 1511ms (cache miss)
225 http fetch GET 200 https://registry.npmjs.org/source-map-js/-/source-map-js-1.2.1.tgz 1650ms (cache miss)
226 http fetch GET 200 https://registry.npmjs.org/tinyglobby/-/tinyglobby-0.2.17.tgz 1658ms (cache miss)
227 http fetch GET 200 https://registry.npmjs.org/tapable/-/tapable-2.3.3.tgz 1883ms (cache miss)
228 http fetch GET 200 https://registry.npmjs.org/vite-plugin-singlefile/-/vite-plugin-singlefile-2.3.0.tgz 1952ms (cache miss)
229 http fetch GET 200 https://registry.npmjs.org/tslib/-/tslib-2.8.1.tgz 2356ms (cache miss)
230 http fetch POST 200 https://registry.npmjs.org/-/npm/v1/security/advisories/bulk 2845ms
231 silly audit report {
231 silly audit report   esbuild: [
231 silly audit report     {
231 silly audit report       id: 1120679,
231 silly audit report       url: 'https://github.com/advisories/GHSA-gv7w-rqvm-qjhr',
231 silly audit report       title: 'esbuild: Missing binary integrity verification in Deno module enables remote code execution via NPM_CONFIG_REGISTRY',
231 silly audit report       severity: 'high',
231 silly audit report       vulnerable_versions: '>=0.17.0 <0.28.1',
231 silly audit report       cwe: [Array],
231 silly audit report       cvss: [Object]
231 silly audit report     },
231 silly audit report     {
231 silly audit report       id: 1120680,
231 silly audit report       url: 'https://github.com/advisories/GHSA-g7r4-m6w7-qqqr',
231 silly audit report       title: 'esbuild allows arbitrary file read when running the development server on Windows',
231 silly audit report       severity: 'low',
231 silly audit report       vulnerable_versions: '>=0.27.3 <0.28.1',
231 silly audit report       cwe: [Array],
231 silly audit report       cvss: [Object]
231 silly audit report     }
231 silly audit report   ]
231 silly audit report }
232 silly packumentCache corgi:https://registry.npmjs.org/esbuild cache-miss
233 http fetch GET 200 https://registry.npmjs.org/set-cookie-parser/-/set-cookie-parser-2.7.2.tgz 2818ms (cache miss)
234 http fetch GET 200 https://registry.npmjs.org/semver/-/semver-6.3.1.tgz 3154ms (cache miss)
235 http fetch GET 200 https://registry.npmjs.org/scheduler/-/scheduler-0.27.0.tgz 3336ms (cache miss)
236 http fetch GET 200 https://registry.npmjs.org/react-router-dom/-/react-router-dom-7.17.0.tgz 3378ms (cache miss)
237 http fetch GET 200 https://registry.npmjs.org/react-refresh/-/react-refresh-0.18.0.tgz 3635ms (cache miss)
238 http fetch GET 200 https://registry.npmjs.org/react/-/react-19.2.6.tgz 4107ms (cache miss)
239 http fetch GET 200 https://registry.npmjs.org/postcss/-/postcss-8.5.15.tgz 4687ms (cache miss)
240 http fetch GET 200 https://registry.npmjs.org/picomatch/-/picomatch-4.0.4.tgz 4709ms (cache miss)
241 http fetch GET 200 https://registry.npmjs.org/picocolors/-/picocolors-1.1.1.tgz 5455ms (cache miss)
242 http fetch GET 200 https://registry.npmjs.org/nanoid/-/nanoid-3.3.12.tgz 5684ms (cache miss)
243 http fetch GET 200 https://registry.npmjs.org/node-releases/-/node-releases-2.0.47.tgz 5785ms (cache miss)
244 http fetch GET 200 https://registry.npmjs.org/ms/-/ms-2.1.3.tgz 6084ms (cache miss)
245 http fetch GET 200 https://registry.npmjs.org/motion-utils/-/motion-utils-12.39.0.tgz 6648ms (cache miss)
246 http fetch GET 200 https://registry.npmjs.org/micromatch/-/micromatch-4.0.8.tgz 7588ms (cache miss)
247 http fetch GET 200 https://registry.npmjs.org/lru-cache/-/lru-cache-5.1.1.tgz 7814ms (cache miss)
248 http fetch GET 200 https://registry.npmjs.org/npm 9269ms
249 http fetch GET 200 https://registry.npmjs.org/jsesc/-/jsesc-3.1.0.tgz 9316ms (cache miss)
250 http fetch GET 200 https://registry.npmjs.org/js-tokens/-/js-tokens-4.0.0.tgz 9607ms (cache miss)
251 http fetch GET 200 https://registry.npmjs.org/is-number/-/is-number-7.0.0.tgz 10092ms (cache miss)
252 http fetch GET 200 https://registry.npmjs.org/graceful-fs/-/graceful-fs-4.2.11.tgz 11765ms (cache miss)
253 http fetch GET 200 https://registry.npmjs.org/lightningcss/-/lightningcss-1.30.2.tgz 11780ms (cache miss)
254 http fetch GET 200 https://registry.npmjs.org/gensync/-/gensync-1.0.0-beta.2.tgz 12586ms (cache miss)
255 http fetch GET 200 https://registry.npmjs.org/fdir/-/fdir-6.5.0.tgz 12780ms (cache miss)
256 http fetch GET 200 https://registry.npmjs.org/json5/-/json5-2.2.3.tgz 13246ms (cache miss)
257 http fetch GET 200 https://registry.npmjs.org/fill-range/-/fill-range-7.1.1.tgz 13821ms (cache miss)
258 http fetch GET 200 https://registry.npmjs.org/escalade/-/escalade-3.2.0.tgz 14025ms (cache miss)
259 http fetch GET 200 https://registry.npmjs.org/esbuild/-/esbuild-0.27.7.tgz 14432ms (cache miss)
260 http fetch GET 200 https://registry.npmjs.org/electron-to-chromium/-/electron-to-chromium-1.5.372.tgz 14944ms (cache miss)
261 http fetch GET 200 https://registry.npmjs.org/jiti/-/jiti-2.7.0.tgz 21351ms (cache miss)
262 http fetch GET 200 https://registry.npmjs.org/debug/-/debug-4.4.3.tgz 22302ms (cache miss)
263 http fetch GET 200 https://registry.npmjs.org/cookie/-/cookie-1.1.1.tgz 23000ms (cache miss)
264 http fetch GET 200 https://registry.npmjs.org/convert-source-map/-/convert-source-map-2.0.0.tgz 23607ms (cache miss)
265 http fetch GET 200 https://registry.npmjs.org/detect-libc/-/detect-libc-2.1.2.tgz 24478ms (cache miss)
266 http fetch GET 200 https://registry.npmjs.org/csstype/-/csstype-3.2.3.tgz 27013ms (cache miss)
267 http fetch GET 200 https://registry.npmjs.org/magic-string/-/magic-string-0.30.21.tgz 27207ms (cache miss)
268 http fetch GET 200 https://registry.npmjs.org/clsx/-/clsx-2.1.1.tgz 28141ms (cache miss)
269 http fetch GET 200 https://registry.npmjs.org/braces/-/braces-3.0.3.tgz 28592ms (cache miss)
270 http fetch GET 200 https://registry.npmjs.org/vite/-/vite-7.3.2.tgz 28649ms (cache miss)
271 http fetch GET 200 https://registry.npmjs.org/browserslist/-/browserslist-4.28.2.tgz 28637ms (cache miss)
272 http fetch GET 200 https://registry.npmjs.org/enhanced-resolve/-/enhanced-resolve-5.24.0.tgz 28770ms (cache miss)
273 http fetch GET 200 https://registry.npmjs.org/@types/estree/-/estree-1.0.9.tgz 31091ms (cache miss)
274 http fetch GET 200 https://registry.npmjs.org/@types/babel__template/-/babel__template-7.4.4.tgz 31246ms (cache miss)
275 http fetch GET 200 https://registry.npmjs.org/@types/babel__traverse/-/babel__traverse-7.28.0.tgz 31317ms (cache miss)
276 http fetch GET 200 https://registry.npmjs.org/@vitejs/plugin-react/-/plugin-react-5.1.1.tgz 31412ms (cache miss)
277 http fetch GET 200 https://registry.npmjs.org/@types/babel__generator/-/babel__generator-7.27.0.tgz 32082ms (cache miss)
278 http fetch GET 200 https://registry.npmjs.org/@types/babel__core/-/babel__core-7.20.5.tgz 32234ms (cache miss)
279 http fetch GET 200 https://registry.npmjs.org/@types/react-dom/-/react-dom-19.2.3.tgz 32405ms (cache miss)
280 http fetch GET 200 https://registry.npmjs.org/@tailwindcss/vite/-/vite-4.1.17.tgz 32435ms (cache miss)
281 http fetch GET 200 https://registry.npmjs.org/baseline-browser-mapping/-/baseline-browser-mapping-2.10.37.tgz 32441ms (cache miss)
282 http fetch GET 200 https://registry.npmjs.org/@types/react/-/react-19.2.7.tgz 32572ms (cache miss)
283 http fetch GET 200 https://registry.npmjs.org/motion-dom/-/motion-dom-12.40.0.tgz 32944ms (cache miss)
284 http fetch GET 200 https://registry.npmjs.org/@tailwindcss/oxide/-/oxide-4.1.17.tgz 33784ms (cache miss)
285 http fetch GET 200 https://registry.npmjs.org/@types/node/-/node-22.19.17.tgz 34042ms (cache miss)
286 http fetch GET 200 https://registry.npmjs.org/@rolldown/pluginutils/-/pluginutils-1.0.0-beta.47.tgz 34765ms (cache miss)
287 http fetch GET 200 https://registry.npmjs.org/@jridgewell/resolve-uri/-/resolve-uri-3.1.2.tgz 38608ms (cache miss)
288 http fetch GET 200 https://registry.npmjs.org/@tailwindcss/node/-/node-4.1.17.tgz 38806ms (cache miss)
289 http fetch GET 200 https://registry.npmjs.org/@jridgewell/trace-mapping/-/trace-mapping-0.3.31.tgz 39170ms (cache miss)
290 http fetch GET 200 https://registry.npmjs.org/@jridgewell/sourcemap-codec/-/sourcemap-codec-1.5.5.tgz 39836ms (cache miss)
291 http fetch GET 200 https://registry.npmjs.org/@jridgewell/gen-mapping/-/gen-mapping-0.3.13.tgz 40174ms (cache miss)
292 http fetch GET 200 https://registry.npmjs.org/@jridgewell/remapping/-/remapping-2.3.5.tgz 40261ms (cache miss)
293 http fetch GET 200 https://registry.npmjs.org/@babel/traverse/-/traverse-7.29.7.tgz 44890ms (cache miss)
294 http fetch GET 200 https://registry.npmjs.org/caniuse-lite/-/caniuse-lite-1.0.30001799.tgz 44944ms (cache miss)
295 http fetch GET 200 https://registry.npmjs.org/@babel/plugin-transform-react-jsx-source/-/plugin-transform-react-jsx-source-7.29.7.tgz 45191ms (cache miss)
296 http fetch GET 200 https://registry.npmjs.org/@babel/types/-/types-7.29.7.tgz 45307ms (cache miss)
297 http fetch GET 200 https://registry.npmjs.org/@babel/template/-/template-7.29.7.tgz 45331ms (cache miss)
298 http fetch GET 200 https://registry.npmjs.org/react-router/-/react-router-7.17.0.tgz 45571ms (cache miss)
299 http fetch GET 200 https://registry.npmjs.org/@babel/plugin-transform-react-jsx-self/-/plugin-transform-react-jsx-self-7.29.7.tgz 45614ms (cache miss)
300 http fetch GET 200 https://registry.npmjs.org/@babel/helper-validator-option/-/helper-validator-option-7.29.7.tgz 46121ms (cache miss)
301 http fetch GET 200 https://registry.npmjs.org/tailwindcss/-/tailwindcss-4.1.17.tgz 46764ms (cache miss)
302 http fetch GET 200 https://registry.npmjs.org/@babel/helper-validator-identifier/-/helper-validator-identifier-7.29.7.tgz 46754ms (cache miss)
303 http fetch GET 200 https://registry.npmjs.org/@babel/helper-string-parser/-/helper-string-parser-7.29.7.tgz 47198ms (cache miss)
304 http fetch GET 200 https://registry.npmjs.org/@babel/helper-plugin-utils/-/helper-plugin-utils-7.29.7.tgz 47254ms (cache miss)
305 http fetch GET 200 https://registry.npmjs.org/rollup/-/rollup-4.62.0.tgz 47369ms (cache miss)
306 http fetch GET 200 https://registry.npmjs.org/@babel/helper-module-transforms/-/helper-module-transforms-7.29.7.tgz 47667ms (cache miss)
307 http fetch GET 200 https://registry.npmjs.org/@babel/helper-module-imports/-/helper-module-imports-7.29.7.tgz 47691ms (cache miss)
308 http fetch GET 200 https://registry.npmjs.org/@babel/helper-globals/-/helper-globals-7.29.7.tgz 48025ms (cache miss)
309 http fetch GET 200 https://registry.npmjs.org/@babel/helper-compilation-targets/-/helper-compilation-targets-7.29.7.tgz 48086ms (cache miss)
310 http fetch GET 200 https://registry.npmjs.org/@babel/code-frame/-/code-frame-7.29.7.tgz 48398ms (cache miss)
311 http fetch GET 200 https://registry.npmjs.org/@babel/compat-data/-/compat-data-7.29.7.tgz 48527ms (cache miss)
312 http fetch GET 200 https://registry.npmjs.org/picomatch/-/picomatch-2.3.2.tgz 48614ms (cache miss)
313 http fetch GET 200 https://registry.npmjs.org/@babel/generator/-/generator-7.29.7.tgz 49722ms (cache miss)
314 http fetch GET 200 https://registry.npmjs.org/tailwind-merge/-/tailwind-merge-3.4.0.tgz 49842ms (cache miss)
315 http fetch GET 200 https://registry.npmjs.org/framer-motion/-/framer-motion-12.40.0.tgz 49936ms (cache miss)
316 http fetch GET 200 https://registry.npmjs.org/@babel/core/-/core-7.29.7.tgz 50017ms (cache miss)
317 http fetch GET 200 https://registry.npmjs.org/@babel/helpers/-/helpers-7.29.7.tgz 50050ms (cache miss)
318 http fetch GET 200 https://registry.npmjs.org/@rollup/rollup-win32-x64-gnu/-/rollup-win32-x64-gnu-4.62.0.tgz 50158ms (cache miss)
319 http fetch GET 200 https://registry.npmjs.org/@babel/parser/-/parser-7.29.7.tgz 50191ms (cache miss)
320 http fetch GET 200 https://registry.npmjs.org/@tailwindcss/oxide-win32-x64-msvc/-/oxide-win32-x64-msvc-4.1.17.tgz 50484ms (cache miss)
321 http fetch GET 200 https://registry.npmjs.org/lightningcss-win32-x64-msvc/-/lightningcss-win32-x64-msvc-1.30.2.tgz 50889ms (cache miss)
322 http fetch GET 200 https://registry.npmjs.org/esbuild 52708ms (cache miss)
323 silly packumentCache corgi:https://registry.npmjs.org/esbuild set size:undefined disposed:false
324 silly packumentCache corgi:https://registry.npmjs.org/vite cache-miss
325 http fetch GET 200 https://registry.npmjs.org/@esbuild/win32-x64/-/win32-x64-0.27.7.tgz 56625ms (cache miss)
326 http fetch GET 200 https://registry.npmjs.org/vite 2562ms (cache miss)
327 silly packumentCache corgi:https://registry.npmjs.org/vite set size:undefined disposed:false
328 silly packumentCache corgi:https://registry.npmjs.org/@tailwindcss%2fvite cache-miss
329 silly packumentCache corgi:https://registry.npmjs.org/@vitejs%2fplugin-react cache-miss
330 silly packumentCache corgi:https://registry.npmjs.org/vite-plugin-singlefile cache-miss
331 http fetch GET 200 https://registry.npmjs.org/react-dom/-/react-dom-19.2.6.tgz 58411ms (cache miss)
332 http fetch GET 200 https://registry.npmjs.org/vite-plugin-singlefile 571ms (cache miss)
333 silly packumentCache corgi:https://registry.npmjs.org/vite-plugin-singlefile set size:undefined disposed:false
334 http fetch GET 200 https://registry.npmjs.org/@vitejs%2fplugin-react 782ms (cache miss)
335 silly packumentCache corgi:https://registry.npmjs.org/@vitejs%2fplugin-react set size:undefined disposed:false
336 http fetch GET 200 https://registry.npmjs.org/@tailwindcss%2fvite 2280ms (cache miss)
337 silly packumentCache corgi:https://registry.npmjs.org/@tailwindcss%2fvite set size:undefined disposed:false
338 http fetch GET 200 https://registry.npmjs.org/@rollup/rollup-win32-x64-msvc/-/rollup-win32-x64-msvc-4.62.0.tgz 63005ms (cache miss)
339 http fetch GET 200 https://registry.npmjs.org/lucide-react/-/lucide-react-1.18.0.tgz 65931ms (cache miss)
340 http fetch GET 200 https://registry.npmjs.org/typescript/-/typescript-5.9.3.tgz 67803ms (cache miss)
341 info run esbuild@0.27.7 postinstall node_modules/esbuild node install.js
342 info run esbuild@0.27.7 postinstall { code: 'EPERM', signal: undefined }
343 verbose stack Error: spawn EPERM
343 verbose stack     at ChildProcess.spawn (node:internal/child_process:440:11)
343 verbose stack     at spawn (node:child_process:796:9)
343 verbose stack     at promiseSpawn (C:\Program Files\nodejs\node_modules\npm\node_modules\@npmcli\promise-spawn\lib\index.js:39:16)
343 verbose stack     at spawnWithShell (C:\Program Files\nodejs\node_modules\npm\node_modules\@npmcli\promise-spawn\lib\index.js:124:10)
343 verbose stack     at promiseSpawn (C:\Program Files\nodejs\node_modules\npm\node_modules\@npmcli\promise-spawn\lib\index.js:12:12)
343 verbose stack     at runScriptPkg (C:\Program Files\nodejs\node_modules\npm\node_modules\@npmcli\run-script\lib\run-script-pkg.js:79:13)
343 verbose stack     at runScript (C:\Program Files\nodejs\node_modules\npm\node_modules\@npmcli\run-script\lib\run-script.js:9:12)
343 verbose stack     at C:\Program Files\nodejs\node_modules\npm\node_modules\@npmcli\arborist\lib\arborist\rebuild.js:328:17
343 verbose stack     at run (C:\Program Files\nodejs\node_modules\npm\node_modules\promise-call-limit\dist\commonjs\index.js:67:22)
343 verbose stack     at C:\Program Files\nodejs\node_modules\npm\node_modules\promise-call-limit\dist\commonjs\index.js:84:9
344 error code EPERM
345 error syscall spawn
346 error errno -4048
347 error Error: spawn EPERM
347 error     at ChildProcess.spawn (node:internal/child_process:440:11)
347 error     at spawn (node:child_process:796:9)
347 error     at promiseSpawn (C:\Program Files\nodejs\node_modules\npm\node_modules\@npmcli\promise-spawn\lib\index.js:39:16)
347 error     at spawnWithShell (C:\Program Files\nodejs\node_modules\npm\node_modules\@npmcli\promise-spawn\lib\index.js:124:10)
347 error     at promiseSpawn (C:\Program Files\nodejs\node_modules\npm\node_modules\@npmcli\promise-spawn\lib\index.js:12:12)
347 error     at runScriptPkg (C:\Program Files\nodejs\node_modules\npm\node_modules\@npmcli\run-script\lib\run-script-pkg.js:79:13)
347 error     at runScript (C:\Program Files\nodejs\node_modules\npm\node_modules\@npmcli\run-script\lib\run-script.js:9:12)
347 error     at C:\Program Files\nodejs\node_modules\npm\node_modules\@npmcli\arborist\lib\arborist\rebuild.js:328:17
347 error     at run (C:\Program Files\nodejs\node_modules\npm\node_modules\promise-call-limit\dist\commonjs\index.js:67:22)
347 error     at C:\Program Files\nodejs\node_modules\npm\node_modules\promise-call-limit\dist\commonjs\index.js:84:9 {
347 error   errno: -4048,
347 error   code: 'EPERM',
347 error   syscall: 'spawn'
347 error }
348 error
348 error The operation was rejected by your operating system.
348 error It's possible that the file was already in use (by a text editor or antivirus), or that you lack permissions to access it.
348 error
348 error If you believe this might be a permissions issue, please double-check the permissions of the file and its containing directories, or try running the command again as root/Administrator.
349 silly unfinished npm timer reify 1781412934233
350 silly unfinished npm timer reify:build 1781413002182
351 silly unfinished npm timer build 1781413002182
352 silly unfinished npm timer build:deps 1781413002183
353 silly unfinished npm timer build:run:postinstall 1781413002519
354 silly unfinished npm timer build:run:postinstall:node_modules/esbuild 1781413002520
355 verbose cwd C:\Users\Dharu\Downloads\mathematics-club-web-application
356 verbose os Windows_NT 10.0.26100
357 verbose node v25.9.0
358 verbose npm  v11.12.1
359 notice
359 notice New minor version of npm available! 11.12.1 -> 11.17.0
359 notice Changelog: https://github.com/npm/cli/releases/tag/v11.17.0
359 notice To update run: npm install -g npm@11.17.0
359 notice  { force: true, Symbol(proc-log.meta): true }
360 verbose exit -4048
361 verbose code -4048
362 error A complete log of this run can be found in: C:\Users\Dharu\Downloads\mathematics-club-web-application\.npm-cache\_logs\2026-06-14T04_55_33_485Z-debug-0.log
